<?xml version="1.0" encoding="UTF-8"?>
<!-- Generated by org.testng.reporters.JUnitReportReporter -->
<testsuite hostname="tussar-PC" failures="0" tests="1" name="net.assuresign.scenario_4.Scenario_4_9_1" time="109.540" errors="0" timestamp="2021-05-28T13:32:36 IST" skipped="0">
  <testcase classname="net.assuresign.scenario_4.Scenario_4_9_1" name="putCall_submitPrepare" time="109.540"/>
  <system-out/>
</testsuite> <!-- net.assuresign.scenario_4.Scenario_4_9_1 -->
