<?xml version="1.0" encoding="UTF-8"?>
<!-- Generated by org.testng.reporters.JUnitReportReporter -->
<testsuite hostname="DESKTOP-17LNK85" failures="0" tests="2" name="net.assuresign.scenario_4.Scenario_4_8" time="151.165" errors="0" timestamp="2021-04-08T08:43:06 IST" skipped="0">
  <testcase classname="net.assuresign.scenario_4.Scenario_4_8" name="submit_WithLargeFile" time="82.531"/>
  <system-out/>
  <testcase classname="net.assuresign.scenario_4.Scenario_4_8" name="submitPrepare_WithLargeFile" time="68.634"/>
  <system-out/>
</testsuite> <!-- net.assuresign.scenario_4.Scenario_4_8 -->
