<?xml version="1.0" encoding="UTF-8"?>
<!-- Generated by org.testng.reporters.JUnitReportReporter -->
<testsuite hostname="tussar-PC" failures="0" tests="8" name="net.assuresign.scenario_4.Scenario_4_6" time="104.394" errors="0" timestamp="2021-05-08T23:47:52 IST" skipped="0">
  <testcase classname="net.assuresign.scenario_4.Scenario_4_6" name="submitPrepare_WithPwdToEditFile" time="8.421"/>
  <system-out/>
  <testcase classname="net.assuresign.scenario_4.Scenario_4_6" name="submitPrepare_WithPwdToOpenFile" time="7.942"/>
  <system-out/>
  <testcase classname="net.assuresign.scenario_4.Scenario_4_6" name="submitPrepare_WithPwdToOpenFile" time="8.973"/>
  <system-out/>
  <testcase classname="net.assuresign.scenario_4.Scenario_4_6" name="submitPrepare_WithPwdToEditFile" time="40.815"/>
  <system-out/>
  <testcase classname="net.assuresign.scenario_4.Scenario_4_6" name="submitPrepare_WithPwdToOpenFile" time="8.593"/>
  <system-out/>
  <testcase classname="net.assuresign.scenario_4.Scenario_4_6" name="submitPrepare_WithPwdToEditFile" time="13.910"/>
  <system-out/>
  <testcase classname="net.assuresign.scenario_4.Scenario_4_6" name="submitPrepare_WithPwdToOpenFile" time="5.465"/>
  <system-out/>
  <testcase classname="net.assuresign.scenario_4.Scenario_4_6" name="submitPrepare_WithPwdToEditFile" time="10.275"/>
  <system-out/>
</testsuite> <!-- net.assuresign.scenario_4.Scenario_4_6 -->
