<?xml version="1.0" encoding="UTF-8"?>
<!-- Generated by org.testng.reporters.JUnitReportReporter -->
<testsuite hostname="tussar-PC" failures="0" tests="2" name="net.assuresign.scenario_4.Scenario_4_11" time="33.682" errors="0" timestamp="2021-04-14T16:28:43 IST" skipped="0">
  <testcase classname="net.assuresign.scenario_4.Scenario_4_11" name="submit_deprecated" time="18.785"/>
  <system-out/>
  <testcase classname="net.assuresign.scenario_4.Scenario_4_11" name="submitPrepare_deprecated" time="14.897"/>
  <system-out/>
</testsuite> <!-- net.assuresign.scenario_4.Scenario_4_11 -->
