<?xml version="1.0" encoding="UTF-8"?>
<!-- Generated by org.testng.reporters.JUnitReportReporter -->
<<<<<<< HEAD
<<<<<<< HEAD
<testsuite hostname="tussar-PC" failures="0" tests="2" name="net.assuresign.scenario_4.Scenario_4_11" time="52.584" errors="0" timestamp="2021-04-14T11:42:04 IST" skipped="1">
  <testcase classname="net.assuresign.scenario_4.Scenario_4_11" name="submit_deprecated" time="52.584"/>
  <system-out/>
  <testcase classname="net.assuresign.scenario_4.Scenario_4_11" name="submitPrepare_deprecated">
    <skipped/>
  </testcase> <!-- submitPrepare_deprecated -->
=======
<testsuite hostname="tussar-PC" failures="0" tests="2" name="net.assuresign.scenario_4.Scenario_4_11" time="31.536" errors="0" timestamp="2021-04-15T10:50:59 IST" skipped="0">
  <testcase classname="net.assuresign.scenario_4.Scenario_4_11" name="submitPrepare_deprecated" time="10.895"/>
  <system-out/>
  <testcase classname="net.assuresign.scenario_4.Scenario_4_11" name="submit_deprecated" time="20.641"/>
>>>>>>> master
=======
<testsuite hostname="tussar-PC" failures="0" tests="6" name="net.assuresign.scenario_4.Scenario_4_11" time="118.213" errors="0" timestamp="2021-04-23T09:53:23 IST" skipped="1">
  <testcase classname="net.assuresign.scenario_4.Scenario_4_11" name="submit_deprecated" time="16.765"/>
  <system-out/>
  <testcase classname="net.assuresign.scenario_4.Scenario_4_11" name="submit_deprecated" time="16.213"/>
  <system-out/>
  <testcase classname="net.assuresign.scenario_4.Scenario_4_11" name="submit_deprecated" time="17.234"/>
  <system-out/>
  <testcase classname="net.assuresign.scenario_4.Scenario_4_11" name="submit_deprecated" time="47.689"/>
  <system-out/>
  <testcase classname="net.assuresign.scenario_4.Scenario_4_11" name="submit_deprecated" time="20.312"/>
  <system-out/>
  <testcase classname="net.assuresign.scenario_4.Scenario_4_11" name="submitPrepare_deprecated">
    <skipped/>
  </testcase> <!-- submitPrepare_deprecated -->
>>>>>>> master
  <system-out/>
</testsuite> <!-- net.assuresign.scenario_4.Scenario_4_11 -->
