<?xml version="1.0" encoding="UTF-8"?>
<!-- Generated by org.testng.reporters.JUnitReportReporter -->
<testsuite hostname="tussar-PC" failures="0" tests="3" name="net.assuresign.scenario_4.Scenario_4_1" time="104.033" errors="0" timestamp="2021-04-14T11:12:53 IST" skipped="1">
  <testcase classname="net.assuresign.scenario_4.Scenario_4_1" name="submitPrepare_SpecifiedSchema" time="47.567"/>
  <system-out/>
  <testcase classname="net.assuresign.scenario_4.Scenario_4_1" name="submitPrepare" time="56.466"/>
  <system-out/>
  <testcase classname="net.assuresign.scenario_4.Scenario_4_1" name="submit_withNoTempletPermission">
    <skipped/>
  </testcase> <!-- submit_withNoTempletPermission -->
  <system-out/>
</testsuite> <!-- net.assuresign.scenario_4.Scenario_4_1 -->
