<?xml version="1.0" encoding="UTF-8"?>
<!-- Generated by org.testng.reporters.JUnitReportReporter -->
<testsuite hostname="tussar-PC" failures="0" tests="11" name="net.assuresign.scenario_13.Scenario_13" time="155.734" errors="0" timestamp="2021-05-25T12:11:05 IST" skipped="0">
  <testcase classname="net.assuresign.scenario_13.Scenario_13" name="submitValidate_hybridCall" time="6.699"/>
  <system-out/>
  <testcase classname="net.assuresign.scenario_13.Scenario_13" name="submitValidate_adhoc400" time="13.079"/>
  <system-out/>
  <testcase classname="net.assuresign.scenario_13.Scenario_13" name="submitPrepare_documentsEmptyID" time="5.973"/>
  <system-out/>
  <testcase classname="net.assuresign.scenario_13.Scenario_13" name="submitPrepare_documents" time="16.536"/>
  <system-out/>
  <testcase classname="net.assuresign.scenario_13.Scenario_13" name="submitPrepare_documentsInvalidID" time="6.717"/>
  <system-out/>
  <testcase classname="net.assuresign.scenario_13.Scenario_13" name="submitPrepare_documentsPwdToOpenFile" time="9.956"/>
  <system-out/>
  <testcase classname="net.assuresign.scenario_13.Scenario_13" name="submitPrepare_putCall1" time="15.479"/>
  <system-out/>
  <testcase classname="net.assuresign.scenario_13.Scenario_13" name="submitPrepare_withoutDocName" time="10.208"/>
  <system-out/>
  <testcase classname="net.assuresign.scenario_13.Scenario_13" name="submitValidate_Adhoc" time="55.168"/>
  <system-out/>
  <testcase classname="net.assuresign.scenario_13.Scenario_13" name="submitValidate_ssTemplate" time="5.995"/>
  <system-out/>
  <testcase classname="net.assuresign.scenario_13.Scenario_13" name="submitPrepare_documentsPwdToEditFile" time="9.924"/>
  <system-out/>
</testsuite> <!-- net.assuresign.scenario_13.Scenario_13 -->
