<?xml version="1.0" encoding="UTF-8"?>
<!-- Generated by org.testng.reporters.JUnitReportReporter -->
<testsuite hostname="tussar-PC" failures="0" tests="3" name="net.assuresign.scenario_4.Scenario_4_14" time="27.378" errors="0" timestamp="2021-04-15T10:50:59 IST" skipped="0">
  <testcase classname="net.assuresign.scenario_4.Scenario_4_14" name="submitPrepare_WithInvalidTemplate" time="6.231"/>
  <system-out/>
  <testcase classname="net.assuresign.scenario_4.Scenario_4_14" name="submit_WithTempleteSchema" time="13.660"/>
  <system-out/>
  <testcase classname="net.assuresign.scenario_4.Scenario_4_14" name="submitPrepare_WithTempleteSchema" time="7.487"/>
  <system-out/>
</testsuite> <!-- net.assuresign.scenario_4.Scenario_4_14 -->
