<?xml version="1.0" encoding="UTF-8"?>
<!-- Generated by org.testng.reporters.JUnitReportReporter -->
<testsuite hostname="DESKTOP-17LNK85" failures="0" tests="2" name="net.assuresign.scenario_4.Scenario_4_6" time="24.912" errors="0" timestamp="2021-04-08T08:43:06 IST" skipped="0">
  <testcase classname="net.assuresign.scenario_4.Scenario_4_6" name="submitPrepare_WithPwdToEditFile" time="12.746"/>
  <system-out/>
  <testcase classname="net.assuresign.scenario_4.Scenario_4_6" name="submitPrepare_WithPwdToOpenFile" time="12.166"/>
  <system-out/>
</testsuite> <!-- net.assuresign.scenario_4.Scenario_4_6 -->
