<?xml version="1.0" encoding="UTF-8"?>
<!-- Generated by org.testng.reporters.JUnitReportReporter -->
<testsuite hostname="tussar-PC" failures="0" tests="8" name="net.assuresign.scenario_3.Scenario_3_8" time="63.023" errors="0" timestamp="2021-05-10T12:55:13 IST" skipped="0">
  <testcase classname="net.assuresign.scenario_3.Scenario_3_8" name="submitHybridCallDeprecated" time="13.397"/>
  <system-out/>
  <testcase classname="net.assuresign.scenario_3.Scenario_3_8" name="sessionTokenDeprecated_44009" time="6.152"/>
  <system-out/>
  <testcase classname="net.assuresign.scenario_3.Scenario_3_8" name="submitHybridCallDeprecated" time="9.749"/>
  <system-out/>
  <testcase classname="net.assuresign.scenario_3.Scenario_3_8" name="sessionTokenDeprecated_44009" time="2.612"/>
  <system-out/>
  <testcase classname="net.assuresign.scenario_3.Scenario_3_8" name="submitHybridCallDeprecated" time="13.049"/>
  <system-out/>
  <testcase classname="net.assuresign.scenario_3.Scenario_3_8" name="sessionTokenDeprecated_44009" time="2.417"/>
  <system-out/>
  <testcase classname="net.assuresign.scenario_3.Scenario_3_8" name="submitHybridCallDeprecated" time="13.130"/>
  <system-out/>
  <testcase classname="net.assuresign.scenario_3.Scenario_3_8" name="sessionTokenDeprecated_44009" time="2.517"/>
  <system-out/>
</testsuite> <!-- net.assuresign.scenario_3.Scenario_3_8 -->
