<?xml version="1.0" encoding="UTF-8"?>
<!-- Generated by org.testng.reporters.JUnitReportReporter -->
<testsuite hostname="tussar-PC" failures="0" tests="3" name="net.assuresign.scenario_3.Scenario_3_10" time="22.937" errors="0" timestamp="2021-04-14T10:51:58 IST" skipped="0">
  <testcase classname="net.assuresign.scenario_3.Scenario_3_10" name="submit_HybridCallMissingDocName" time="7.350"/>
  <system-out/>
  <testcase classname="net.assuresign.scenario_3.Scenario_3_10" name="submit_missingDocName" time="9.504"/>
  <system-out/>
  <testcase classname="net.assuresign.scenario_3.Scenario_3_10" name="submitSSTemplate_EmptyDocName" time="6.083"/>
  <system-out/>
</testsuite> <!-- net.assuresign.scenario_3.Scenario_3_10 -->
