<?xml version="1.0" encoding="UTF-8"?>
<!-- Generated by org.testng.reporters.JUnitReportReporter -->
<testsuite hostname="tussar-PC" failures="0" tests="2" name="net.assuresign.scenario_3.Scenario_3_3" time="20.138" errors="0" timestamp="2021-05-25T08:37:38 IST" skipped="1">
  <testcase classname="net.assuresign.scenario_3.Scenario_3_3" name="submit_SSTemplateLargeFile" time="20.138"/>
  <system-out/>
  <testcase classname="net.assuresign.scenario_3.Scenario_3_3" name="submit_LargeFile">
    <skipped/>
  </testcase> <!-- submit_LargeFile -->
  <system-out/>
</testsuite> <!-- net.assuresign.scenario_3.Scenario_3_3 -->
