<?xml version="1.0" encoding="UTF-8"?>
<!-- Generated by org.testng.reporters.JUnitReportReporter -->
<testsuite hostname="DESKTOP-17LNK85" failures="0" tests="48" name="net.assuresign.scenario_1.TokenBearer_Incorrect" time="101.752" errors="0" timestamp="2021-04-06T09:54:54 IST" skipped="0">
  <testcase classname="net.assuresign.scenario_1.TokenBearer_Incorrect" name="tokenBearer_incorrectJson" time="5.147"/>
  <system-out/>
  <testcase classname="net.assuresign.scenario_1.TokenBearer_Incorrect" name="tokenBearer_withoutApiKey" time="1.965"/>
  <system-out/>
  <testcase classname="net.assuresign.scenario_1.TokenBearer_Incorrect" name="tokenBearer_invalidApiKey" time="2.240"/>
  <system-out/>
  <testcase classname="net.assuresign.scenario_1.TokenBearer_Incorrect" name="tokenBearer_withoutApiKey" time="1.886"/>
  <system-out/>
  <testcase classname="net.assuresign.scenario_1.TokenBearer_Incorrect" name="tokenBearer_withoutSessionLength" time="2.317"/>
  <system-out/>
  <testcase classname="net.assuresign.scenario_1.TokenBearer_Incorrect" name="tokenBearer_withoutSessionLength" time="2.193"/>
  <system-out/>
  <testcase classname="net.assuresign.scenario_1.TokenBearer_Incorrect" name="tokenBearer_withoutContextUsername" time="1.930"/>
  <system-out/>
  <testcase classname="net.assuresign.scenario_1.TokenBearer_Incorrect" name="tokenBearer_withoutSessionLength" time="1.947"/>
  <system-out/>
  <testcase classname="net.assuresign.scenario_1.TokenBearer_Incorrect" name="tokenBearer_invalidApiKey" time="2.130"/>
  <system-out/>
  <testcase classname="net.assuresign.scenario_1.TokenBearer_Incorrect" name="tokenBearer_withoutApiUsername" time="1.711"/>
  <system-out/>
  <testcase classname="net.assuresign.scenario_1.TokenBearer_Incorrect" name="tokenBearer_withoutApiKey" time="2.189"/>
  <system-out/>
  <testcase classname="net.assuresign.scenario_1.TokenBearer_Incorrect" name="tokenBearer_withoutApiUsername" time="1.799"/>
  <system-out/>
  <testcase classname="net.assuresign.scenario_1.TokenBearer_Incorrect" name="tokenBearer_invalidApiKey" time="2.227"/>
  <system-out/>
  <testcase classname="net.assuresign.scenario_1.TokenBearer_Incorrect" name="tokenBearer_incorrectJson" time="2.135"/>
  <system-out/>
  <testcase classname="net.assuresign.scenario_1.TokenBearer_Incorrect" name="tokenBearer_incorrectJson" time="2.372"/>
  <system-out/>
  <testcase classname="net.assuresign.scenario_1.TokenBearer_Incorrect" name="tokenBearer_withoutSessionLength" time="2.162"/>
  <system-out/>
  <testcase classname="net.assuresign.scenario_1.TokenBearer_Incorrect" name="tokenBearer_withoutSessionLength" time="2.224"/>
  <system-out/>
  <testcase classname="net.assuresign.scenario_1.TokenBearer_Incorrect" name="tokenBearer_withoutSessionLength" time="2.240"/>
  <system-out/>
  <testcase classname="net.assuresign.scenario_1.TokenBearer_Incorrect" name="tokenBearer_invalidApiKey" time="2.237"/>
  <system-out/>
  <testcase classname="net.assuresign.scenario_1.TokenBearer_Incorrect" name="tokenBearer_withoutApiKey" time="1.923"/>
  <system-out/>
  <testcase classname="net.assuresign.scenario_1.TokenBearer_Incorrect" name="tokenBearer_withoutApiUsername" time="2.174"/>
  <system-out/>
  <testcase classname="net.assuresign.scenario_1.TokenBearer_Incorrect" name="tokenBearer_incorrectJson" time="2.121"/>
  <system-out/>
  <testcase classname="net.assuresign.scenario_1.TokenBearer_Incorrect" name="tokenBearer_incorrectJson" time="1.920"/>
  <system-out/>
  <testcase classname="net.assuresign.scenario_1.TokenBearer_Incorrect" name="tokenBearer_withoutContextUsername" time="2.182"/>
  <system-out/>
  <testcase classname="net.assuresign.scenario_1.TokenBearer_Incorrect" name="tokenBearer_withoutApiKey" time="1.916"/>
  <system-out/>
  <testcase classname="net.assuresign.scenario_1.TokenBearer_Incorrect" name="tokenBearer_withoutContextUsername" time="1.887"/>
  <system-out/>
  <testcase classname="net.assuresign.scenario_1.TokenBearer_Incorrect" name="tokenBearer_withoutApiUsername" time="1.678"/>
  <system-out/>
  <testcase classname="net.assuresign.scenario_1.TokenBearer_Incorrect" name="tokenBearer_withoutApiUsername" time="1.919"/>
  <system-out/>
  <testcase classname="net.assuresign.scenario_1.TokenBearer_Incorrect" name="tokenBearer_withoutApiKey" time="1.954"/>
  <system-out/>
  <testcase classname="net.assuresign.scenario_1.TokenBearer_Incorrect" name="tokenBearer_withoutApiKey" time="1.920"/>
  <system-out/>
  <testcase classname="net.assuresign.scenario_1.TokenBearer_Incorrect" name="tokenBearer_withoutApiUsername" time="1.992"/>
  <system-out/>
  <testcase classname="net.assuresign.scenario_1.TokenBearer_Incorrect" name="tokenBearer_incorrectJson" time="1.835"/>
  <system-out/>
  <testcase classname="net.assuresign.scenario_1.TokenBearer_Incorrect" name="tokenBearer_invalidApiKey" time="2.256"/>
  <system-out/>
  <testcase classname="net.assuresign.scenario_1.TokenBearer_Incorrect" name="tokenBearer_withoutSessionLength" time="2.304"/>
  <system-out/>
  <testcase classname="net.assuresign.scenario_1.TokenBearer_Incorrect" name="tokenBearer_withoutApiUsername" time="2.555"/>
  <system-out/>
  <testcase classname="net.assuresign.scenario_1.TokenBearer_Incorrect" name="tokenBearer_withoutApiUsername" time="1.908"/>
  <system-out/>
  <testcase classname="net.assuresign.scenario_1.TokenBearer_Incorrect" name="tokenBearer_withoutContextUsername" time="1.600"/>
  <system-out/>
  <testcase classname="net.assuresign.scenario_1.TokenBearer_Incorrect" name="tokenBearer_incorrectJson" time="1.812"/>
  <system-out/>
  <testcase classname="net.assuresign.scenario_1.TokenBearer_Incorrect" name="tokenBearer_withoutContextUsername" time="1.919"/>
  <system-out/>
  <testcase classname="net.assuresign.scenario_1.TokenBearer_Incorrect" name="tokenBearer_invalidApiKey" time="2.240"/>
  <system-out/>
  <testcase classname="net.assuresign.scenario_1.TokenBearer_Incorrect" name="tokenBearer_withoutContextUsername" time="1.918"/>
  <system-out/>
  <testcase classname="net.assuresign.scenario_1.TokenBearer_Incorrect" name="tokenBearer_withoutApiKey" time="1.915"/>
  <system-out/>
  <testcase classname="net.assuresign.scenario_1.TokenBearer_Incorrect" name="tokenBearer_withoutSessionLength" time="2.506"/>
  <system-out/>
  <testcase classname="net.assuresign.scenario_1.TokenBearer_Incorrect" name="tokenBearer_incorrectJson" time="2.230"/>
  <system-out/>
  <testcase classname="net.assuresign.scenario_1.TokenBearer_Incorrect" name="tokenBearer_invalidApiKey" time="2.008"/>
  <system-out/>
  <testcase classname="net.assuresign.scenario_1.TokenBearer_Incorrect" name="tokenBearer_withoutContextUsername" time="1.934"/>
  <system-out/>
  <testcase classname="net.assuresign.scenario_1.TokenBearer_Incorrect" name="tokenBearer_invalidApiKey" time="2.238"/>
  <system-out/>
  <testcase classname="net.assuresign.scenario_1.TokenBearer_Incorrect" name="tokenBearer_withoutContextUsername" time="1.937"/>
  <system-out/>
</testsuite> <!-- net.assuresign.scenario_1.TokenBearer_Incorrect -->
