<?xml version="1.0" encoding="UTF-8"?>
<!-- Generated by org.testng.reporters.JUnitReportReporter -->
<testsuite hostname="tussar-PC" failures="0" tests="2" name="net.assuresign.scenario_8.Scenario_8_2" time="22.722" errors="0" timestamp="2021-04-15T10:50:59 IST" skipped="0">
  <testcase classname="net.assuresign.scenario_8.Scenario_8_2" name="cancel_AlreadyCancelledEnvelopID" time="16.296"/>
  <system-out/>
  <testcase classname="net.assuresign.scenario_8.Scenario_8_2" name="cancel_ValidEnvelopID" time="6.426"/>
  <system-out/>
</testsuite> <!-- net.assuresign.scenario_8.Scenario_8_2 -->
