<?xml version="1.0" encoding="UTF-8"?>
<!-- Generated by org.testng.reporters.JUnitReportReporter -->
<testsuite hostname="DESKTOP-17LNK85" failures="0" tests="104" name="net.assuresign.scenario_10.Scenario_10" time="516.314" errors="0" timestamp="2021-04-06T16:42:54 IST" skipped="0">
  <testcase classname="net.assuresign.scenario_10.Scenario_10" name="apiUser_noSpecificUser" time="4.027"/>
  <system-out/>
  <testcase classname="net.assuresign.scenario_10.Scenario_10" name="apiUser_withoutEnvironment" time="4.527"/>
  <system-out/>
  <testcase classname="net.assuresign.scenario_10.Scenario_10" name="apiUser_noRequest" time="4.427"/>
  <system-out/>
  <testcase classname="net.assuresign.scenario_10.Scenario_10" name="apiUser_validRequest" time="4.965"/>
  <system-out/>
  <testcase classname="net.assuresign.scenario_10.Scenario_10" name="apiUser_noValueBaseUserName" time="4.204"/>
  <system-out/>
  <testcase classname="net.assuresign.scenario_10.Scenario_10" name="apiUser_invalidScope" time="3.849"/>
  <system-out/>
  <testcase classname="net.assuresign.scenario_10.Scenario_10" name="apiUser_noExpDate" time="5.532"/>
  <system-out/>
  <testcase classname="net.assuresign.scenario_10.Scenario_10" name="apiUser_noValueBaseUserName" time="3.970"/>
  <system-out/>
  <testcase classname="net.assuresign.scenario_10.Scenario_10" name="apiUser_validRequest" time="4.541"/>
  <system-out/>
  <testcase classname="net.assuresign.scenario_10.Scenario_10" name="apiUser_invalidRequest" time="4.327"/>
  <system-out/>
  <testcase classname="net.assuresign.scenario_10.Scenario_10" name="apiUser_noExpDate" time="4.907"/>
  <system-out/>
  <testcase classname="net.assuresign.scenario_10.Scenario_10" name="apiUser_noValueBaseUserName" time="4.490"/>
  <system-out/>
  <testcase classname="net.assuresign.scenario_10.Scenario_10" name="apiUser_noExpDate" time="5.101"/>
  <system-out/>
  <testcase classname="net.assuresign.scenario_10.Scenario_10" name="apiUser_noSpecificUser" time="4.127"/>
  <system-out/>
  <testcase classname="net.assuresign.scenario_10.Scenario_10" name="apiUser_withoutEnvironment" time="5.724"/>
  <system-out/>
  <testcase classname="net.assuresign.scenario_10.Scenario_10" name="apiUser_noExpDate" time="5.040"/>
  <system-out/>
  <testcase classname="net.assuresign.scenario_10.Scenario_10" name="apiUser_validRequest" time="5.306"/>
  <system-out/>
  <testcase classname="net.assuresign.scenario_10.Scenario_10" name="apiUser_invalidEnvironment" time="4.411"/>
  <system-out/>
  <testcase classname="net.assuresign.scenario_10.Scenario_10" name="apiUser_invalidScope" time="3.896"/>
  <system-out/>
  <testcase classname="net.assuresign.scenario_10.Scenario_10" name="apiUser_validRequest" time="5.171"/>
  <system-out/>
  <testcase classname="net.assuresign.scenario_10.Scenario_10" name="apiUser_invalidEnvironment" time="10.280"/>
  <system-out/>
  <testcase classname="net.assuresign.scenario_10.Scenario_10" name="apiUser_invalidRequest" time="4.911"/>
  <system-out/>
  <testcase classname="net.assuresign.scenario_10.Scenario_10" name="apiUser_invalidScope" time="4.408"/>
  <system-out/>
  <testcase classname="net.assuresign.scenario_10.Scenario_10" name="apiUser_noBaseUserName" time="6.061"/>
  <system-out/>
  <testcase classname="net.assuresign.scenario_10.Scenario_10" name="apiUser_noValueBaseUserName" time="3.785"/>
  <system-out/>
  <testcase classname="net.assuresign.scenario_10.Scenario_10" name="apiUser_noValueBaseUserName" time="4.467"/>
  <system-out/>
  <testcase classname="net.assuresign.scenario_10.Scenario_10" name="apiUser_withoutEnvironment" time="4.822"/>
  <system-out/>
  <testcase classname="net.assuresign.scenario_10.Scenario_10" name="apiUser_noValueBaseUserName" time="5.063"/>
  <system-out/>
  <testcase classname="net.assuresign.scenario_10.Scenario_10" name="apiUser_invalidRequest" time="4.953"/>
  <system-out/>
  <testcase classname="net.assuresign.scenario_10.Scenario_10" name="apiUser_noScope" time="4.155"/>
  <system-out/>
  <testcase classname="net.assuresign.scenario_10.Scenario_10" name="apiUser_noValueBaseUserName" time="4.685"/>
  <system-out/>
  <testcase classname="net.assuresign.scenario_10.Scenario_10" name="apiUser_validRequestSpecificEnv" time="4.820"/>
  <system-out/>
  <testcase classname="net.assuresign.scenario_10.Scenario_10" name="apiUser_noScope" time="5.051"/>
  <system-out/>
  <testcase classname="net.assuresign.scenario_10.Scenario_10" name="apiUser_validRequestSpecificEnv" time="5.316"/>
  <system-out/>
  <testcase classname="net.assuresign.scenario_10.Scenario_10" name="apiUser_noScope" time="4.228"/>
  <system-out/>
  <testcase classname="net.assuresign.scenario_10.Scenario_10" name="apiUser_noBaseUserName" time="5.408"/>
  <system-out/>
  <testcase classname="net.assuresign.scenario_10.Scenario_10" name="apiUser_noSpecificUser" time="4.192"/>
  <system-out/>
  <testcase classname="net.assuresign.scenario_10.Scenario_10" name="apiUser_organizationScopes" time="5.041"/>
  <system-out/>
  <testcase classname="net.assuresign.scenario_10.Scenario_10" name="apiUser_noSpecificUser" time="7.999"/>
  <system-out/>
  <testcase classname="net.assuresign.scenario_10.Scenario_10" name="apiUser_invalidRequest" time="4.614"/>
  <system-out/>
  <testcase classname="net.assuresign.scenario_10.Scenario_10" name="apiUser_noBaseUserName" time="4.802"/>
  <system-out/>
  <testcase classname="net.assuresign.scenario_10.Scenario_10" name="apiUser_invalidRequest" time="5.645"/>
  <system-out/>
  <testcase classname="net.assuresign.scenario_10.Scenario_10" name="apiUser_organizationScopes" time="7.580"/>
  <system-out/>
  <testcase classname="net.assuresign.scenario_10.Scenario_10" name="apiUser_invalidScope" time="4.473"/>
  <system-out/>
  <testcase classname="net.assuresign.scenario_10.Scenario_10" name="apiUser_invalidRequest" time="5.785"/>
  <system-out/>
  <testcase classname="net.assuresign.scenario_10.Scenario_10" name="apiUser_withoutEnvironment" time="4.468"/>
  <system-out/>
  <testcase classname="net.assuresign.scenario_10.Scenario_10" name="apiUser_noSpecificUser" time="4.316"/>
  <system-out/>
  <testcase classname="net.assuresign.scenario_10.Scenario_10" name="apiUser_noExpDate" time="5.250"/>
  <system-out/>
  <testcase classname="net.assuresign.scenario_10.Scenario_10" name="apiUser_invalidEnvironment" time="7.130"/>
  <system-out/>
  <testcase classname="net.assuresign.scenario_10.Scenario_10" name="apiUser_noScope" time="4.803"/>
  <system-out/>
  <testcase classname="net.assuresign.scenario_10.Scenario_10" name="apiUser_noRequest" time="4.522"/>
  <system-out/>
  <testcase classname="net.assuresign.scenario_10.Scenario_10" name="apiUser_invalidRequest" time="4.572"/>
  <system-out/>
  <testcase classname="net.assuresign.scenario_10.Scenario_10" name="apiUser_noScope" time="8.364"/>
  <system-out/>
  <testcase classname="net.assuresign.scenario_10.Scenario_10" name="apiUser_invalidEnvironment" time="4.800"/>
  <system-out/>
  <testcase classname="net.assuresign.scenario_10.Scenario_10" name="apiUser_invalidEnvironment" time="4.999"/>
  <system-out/>
  <testcase classname="net.assuresign.scenario_10.Scenario_10" name="apiUser_validRequest" time="5.054"/>
  <system-out/>
  <testcase classname="net.assuresign.scenario_10.Scenario_10" name="apiUser_organizationScopes" time="4.954"/>
  <system-out/>
  <testcase classname="net.assuresign.scenario_10.Scenario_10" name="apiUser_invalidScope" time="4.474"/>
  <system-out/>
  <testcase classname="net.assuresign.scenario_10.Scenario_10" name="apiUser_validRequestSpecificEnv" time="4.459"/>
  <system-out/>
  <testcase classname="net.assuresign.scenario_10.Scenario_10" name="apiUser_invalidScope" time="5.145"/>
  <system-out/>
  <testcase classname="net.assuresign.scenario_10.Scenario_10" name="apiUser_validRequestSpecificEnv" time="4.419"/>
  <system-out/>
  <testcase classname="net.assuresign.scenario_10.Scenario_10" name="apiUser_invalidEnvironment" time="4.986"/>
  <system-out/>
  <testcase classname="net.assuresign.scenario_10.Scenario_10" name="apiUser_noExpDate" time="5.987"/>
  <system-out/>
  <testcase classname="net.assuresign.scenario_10.Scenario_10" name="apiUser_noScope" time="5.117"/>
  <system-out/>
  <testcase classname="net.assuresign.scenario_10.Scenario_10" name="apiUser_noScope" time="4.799"/>
  <system-out/>
  <testcase classname="net.assuresign.scenario_10.Scenario_10" name="apiUser_noBaseUserName" time="4.940"/>
  <system-out/>
  <testcase classname="net.assuresign.scenario_10.Scenario_10" name="apiUser_noBaseUserName" time="4.153"/>
  <system-out/>
  <testcase classname="net.assuresign.scenario_10.Scenario_10" name="apiUser_invalidRequest" time="5.502"/>
  <system-out/>
  <testcase classname="net.assuresign.scenario_10.Scenario_10" name="apiUser_invalidEnvironment" time="5.026"/>
  <system-out/>
  <testcase classname="net.assuresign.scenario_10.Scenario_10" name="apiUser_organizationScopes" time="5.152"/>
  <system-out/>
  <testcase classname="net.assuresign.scenario_10.Scenario_10" name="apiUser_withoutEnvironment" time="3.866"/>
  <system-out/>
  <testcase classname="net.assuresign.scenario_10.Scenario_10" name="apiUser_validRequestSpecificEnv" time="4.920"/>
  <system-out/>
  <testcase classname="net.assuresign.scenario_10.Scenario_10" name="apiUser_noBaseUserName" time="3.946"/>
  <system-out/>
  <testcase classname="net.assuresign.scenario_10.Scenario_10" name="apiUser_validRequest" time="4.485"/>
  <system-out/>
  <testcase classname="net.assuresign.scenario_10.Scenario_10" name="apiUser_invalidScope" time="4.468"/>
  <system-out/>
  <testcase classname="net.assuresign.scenario_10.Scenario_10" name="apiUser_noRequest" time="4.163"/>
  <system-out/>
  <testcase classname="net.assuresign.scenario_10.Scenario_10" name="apiUser_validRequestSpecificEnv" time="7.606"/>
  <system-out/>
  <testcase classname="net.assuresign.scenario_10.Scenario_10" name="apiUser_validRequestSpecificEnv" time="5.019"/>
  <system-out/>
  <testcase classname="net.assuresign.scenario_10.Scenario_10" name="apiUser_noRequest" time="4.481"/>
  <system-out/>
  <testcase classname="net.assuresign.scenario_10.Scenario_10" name="apiUser_validRequest" time="6.077"/>
  <system-out/>
  <testcase classname="net.assuresign.scenario_10.Scenario_10" name="apiUser_noBaseUserName" time="4.304"/>
  <system-out/>
  <testcase classname="net.assuresign.scenario_10.Scenario_10" name="apiUser_noRequest" time="4.705"/>
  <system-out/>
  <testcase classname="net.assuresign.scenario_10.Scenario_10" name="apiUser_noValueBaseUserName" time="4.805"/>
  <system-out/>
  <testcase classname="net.assuresign.scenario_10.Scenario_10" name="apiUser_validRequestSpecificEnv" time="4.811"/>
  <system-out/>
  <testcase classname="net.assuresign.scenario_10.Scenario_10" name="apiUser_noRequest" time="4.822"/>
  <system-out/>
  <testcase classname="net.assuresign.scenario_10.Scenario_10" name="apiUser_organizationScopes" time="5.117"/>
  <system-out/>
  <testcase classname="net.assuresign.scenario_10.Scenario_10" name="apiUser_noSpecificUser" time="4.484"/>
  <system-out/>
  <testcase classname="net.assuresign.scenario_10.Scenario_10" name="apiUser_noSpecificUser" time="4.803"/>
  <system-out/>
  <testcase classname="net.assuresign.scenario_10.Scenario_10" name="apiUser_invalidScope" time="3.780"/>
  <system-out/>
  <testcase classname="net.assuresign.scenario_10.Scenario_10" name="apiUser_noExpDate" time="5.426"/>
  <system-out/>
  <testcase classname="net.assuresign.scenario_10.Scenario_10" name="apiUser_withoutEnvironment" time="5.541"/>
  <system-out/>
  <testcase classname="net.assuresign.scenario_10.Scenario_10" name="apiUser_validRequest" time="5.122"/>
  <system-out/>
  <testcase classname="net.assuresign.scenario_10.Scenario_10" name="apiUser_noRequest" time="4.400"/>
  <system-out/>
  <testcase classname="net.assuresign.scenario_10.Scenario_10" name="apiUser_noSpecificUser" time="5.121"/>
  <system-out/>
  <testcase classname="net.assuresign.scenario_10.Scenario_10" name="apiUser_organizationScopes" time="4.808"/>
  <system-out/>
  <testcase classname="net.assuresign.scenario_10.Scenario_10" name="apiUser_organizationScopes" time="4.516"/>
  <system-out/>
  <testcase classname="net.assuresign.scenario_10.Scenario_10" name="apiUser_organizationScopes" time="4.589"/>
  <system-out/>
  <testcase classname="net.assuresign.scenario_10.Scenario_10" name="apiUser_withoutEnvironment" time="4.445"/>
  <system-out/>
  <testcase classname="net.assuresign.scenario_10.Scenario_10" name="apiUser_invalidEnvironment" time="4.599"/>
  <system-out/>
  <testcase classname="net.assuresign.scenario_10.Scenario_10" name="apiUser_noBaseUserName" time="5.233"/>
  <system-out/>
  <testcase classname="net.assuresign.scenario_10.Scenario_10" name="apiUser_noRequest" time="4.329"/>
  <system-out/>
  <testcase classname="net.assuresign.scenario_10.Scenario_10" name="apiUser_withoutEnvironment" time="5.079"/>
  <system-out/>
  <testcase classname="net.assuresign.scenario_10.Scenario_10" name="apiUser_noExpDate" time="5.531"/>
  <system-out/>
  <testcase classname="net.assuresign.scenario_10.Scenario_10" name="apiUser_noScope" time="4.436"/>
  <system-out/>
</testsuite> <!-- net.assuresign.scenario_10.Scenario_10 -->
