<?xml version="1.0" encoding="UTF-8"?>
<!-- Generated by org.testng.reporters.JUnitReportReporter -->
<testsuite hostname="tussar-PC" failures="0" tests="1" name="net.assuresign.scenario_4.Scenario_4_12" time="28.965" errors="0" timestamp="2021-04-14T11:42:04 IST" skipped="0">
  <testcase classname="net.assuresign.scenario_4.Scenario_4_12" name="submitPrepare_specifiedSchema" time="28.965"/>
  <system-out/>
</testsuite> <!-- net.assuresign.scenario_4.Scenario_4_12 -->
