<?xml version="1.0" encoding="UTF-8"?>
<!-- Generated by org.testng.reporters.JUnitReportReporter -->
<testsuite hostname="tussar-PC" failures="0" tests="2" name="net.assuresign.scenario_3.Scenario_3_1" time="49.008" errors="0" timestamp="2021-04-12T08:47:24 IST" skipped="0">
  <testcase classname="net.assuresign.scenario_3.Scenario_3_1" name="submitHybridCall" time="41.257"/>
  <system-out/>
  <testcase classname="net.assuresign.scenario_3.Scenario_3_1" name="submitHybridCall_InvalidDocName" time="7.751"/>
  <system-out/>
</testsuite> <!-- net.assuresign.scenario_3.Scenario_3_1 -->
