<?xml version="1.0" encoding="UTF-8"?>
<!-- Generated by org.testng.reporters.JUnitReportReporter -->
<testsuite hostname="DESKTOP-17LNK85" failures="0" tests="2" name="net.assuresign.scenario_4.Scenario_4_3" time="82.884" errors="0" timestamp="2021-04-08T08:43:06 IST" skipped="0">
  <testcase classname="net.assuresign.scenario_4.Scenario_4_3" name="submit_WithDifferentFileType" time="43.888"/>
  <system-out/>
  <testcase classname="net.assuresign.scenario_4.Scenario_4_3" name="submitPrepare_WithDifferentFileType" time="38.996"/>
  <system-out/>
</testsuite> <!-- net.assuresign.scenario_4.Scenario_4_3 -->
