<?xml version="1.0" encoding="UTF-8"?>
<!-- Generated by org.testng.reporters.JUnitReportReporter -->
<testsuite hostname="DESKTOP-17LNK85" failures="0" tests="1" name="net.assuresign.scenario_4.Scenario_4_7" time="15.219" errors="0" timestamp="2021-04-08T08:43:06 IST" skipped="0">
  <testcase classname="net.assuresign.scenario_4.Scenario_4_7" name="submitPrepare_enUSSMS2FactorAuth" time="15.219"/>
  <system-out/>
</testsuite> <!-- net.assuresign.scenario_4.Scenario_4_7 -->
