<?xml version="1.0" encoding="UTF-8"?>
<!-- Generated by org.testng.reporters.JUnitReportReporter -->
<testsuite hostname="tussar-PC" failures="0" tests="6" name="net.assuresign.scenario_3.Scenario_3_1" time="241.947" errors="0" timestamp="2021-05-25T07:35:12 IST" skipped="0">
  <testcase classname="net.assuresign.scenario_3.Scenario_3_1" name="submitHybridCall_InvalidDocName" time="11.659"/>
  <system-out/>
  <testcase classname="net.assuresign.scenario_3.Scenario_3_1" name="submitHybridCall" time="67.839"/>
  <system-out/>
  <testcase classname="net.assuresign.scenario_3.Scenario_3_1" name="submitHybridCall_InvalidDocName" time="8.708"/>
  <system-out/>
  <testcase classname="net.assuresign.scenario_3.Scenario_3_1" name="submitHybridCall" time="15.205"/>
  <system-out/>
  <testcase classname="net.assuresign.scenario_3.Scenario_3_1" name="submitHybridCall_InvalidDocName" time="62.843"/>
  <system-out/>
  <testcase classname="net.assuresign.scenario_3.Scenario_3_1" name="submitHybridCall" time="75.693"/>
  <system-out/>
</testsuite> <!-- net.assuresign.scenario_3.Scenario_3_1 -->
