<?xml version="1.0" encoding="UTF-8"?>
<!-- Generated by org.testng.reporters.JUnitReportReporter -->
<testsuite hostname="tussar-PC" failures="0" tests="1" name="net.assuresign.scenario_8.Scenario_8" time="39.665" errors="0" timestamp="2021-04-12T11:07:55 IST" skipped="0">
  <testcase classname="net.assuresign.scenario_8.Scenario_8" name="getEnvelopesAnyFilter" time="39.665"/>
  <system-out/>
</testsuite> <!-- net.assuresign.scenario_8.Scenario_8 -->
