<?xml version="1.0" encoding="UTF-8"?>
<!-- Generated by org.testng.reporters.JUnitReportReporter -->
<testsuite hostname="tussar-PC" failures="0" tests="27" name="net.assuresign.scenario_4.Scenario_4_9" time="773.087" errors="0" timestamp="2021-05-11T08:58:08 IST" skipped="0">
  <testcase classname="net.assuresign.scenario_4.Scenario_4_9" name="submitPrepare_DynamicJotBlockParsing_SpecifiedSchema_parseDocFalse" time="10.154"/>
  <system-out/>
  <testcase classname="net.assuresign.scenario_4.Scenario_4_9" name="submitPrepare_DynamicJotBlockParsing_SpecifiedSchema" time="17.136"/>
  <system-out/>
  <testcase classname="net.assuresign.scenario_4.Scenario_4_9" name="submitPrepare_DynamicJotBlockParsing_getTemplteSchema_parseDocFalse" time="21.751"/>
  <system-out/>
  <testcase classname="net.assuresign.scenario_4.Scenario_4_9" name="submitPrepare_DynamicJotBlockParsing_parseDocTrue" time="55.843"/>
  <system-out/>
  <testcase classname="net.assuresign.scenario_4.Scenario_4_9" name="submit_getTemplateSchema_DynamicJotBlockParsing" time="26.696"/>
  <system-out/>
  <testcase classname="net.assuresign.scenario_4.Scenario_4_9" name="submitPrepare_getTemplateSchema_DynamicJotBlockParsing" time="23.006"/>
  <system-out/>
  <testcase classname="net.assuresign.scenario_4.Scenario_4_9" name="submit_DynamicJotBlockParsing_parseDocTrue" time="64.420"/>
  <system-out/>
  <testcase classname="net.assuresign.scenario_4.Scenario_4_9" name="submit_getTemplateSchema_DynamicJotBlockParsing" time="14.255"/>
  <system-out/>
  <testcase classname="net.assuresign.scenario_4.Scenario_4_9" name="submitPrepare_DynamicJotBlockParsing_SpecifiedSchema_withoutParseDoc" time="9.928"/>
  <system-out/>
  <testcase classname="net.assuresign.scenario_4.Scenario_4_9" name="submit_DynamicJotBlockParsing_SpecifiedSchema" time="21.046"/>
  <system-out/>
  <testcase classname="net.assuresign.scenario_4.Scenario_4_9" name="submitPrepare_DynamicJotBlockParsing_parseDocTrue" time="56.218"/>
  <system-out/>
  <testcase classname="net.assuresign.scenario_4.Scenario_4_9" name="submitPrepare_DynamicJotBlockParsing_SpecifiedSchema_parseDocFalse" time="55.887"/>
  <system-out/>
  <testcase classname="net.assuresign.scenario_4.Scenario_4_9" name="submitPrepare_DynamicJotBlockParsing_parseDocTrue" time="62.055"/>
  <system-out/>
  <testcase classname="net.assuresign.scenario_4.Scenario_4_9" name="submit_DynamicJotBlockParsing_parseDocTrue" time="17.232"/>
  <system-out/>
  <testcase classname="net.assuresign.scenario_4.Scenario_4_9" name="submitPrepare_DynamicJotBlockParsing_SpecifiedSchema_withoutParseDoc" time="9.927"/>
  <system-out/>
  <testcase classname="net.assuresign.scenario_4.Scenario_4_9" name="submitPrepare_DynamicJotBlockParsing_SpecifiedSchema" time="10.277"/>
  <system-out/>
  <testcase classname="net.assuresign.scenario_4.Scenario_4_9" name="submitPrepare_DynamicJotBlockParsing_getTemplteSchema_parseDocFalse" time="6.846"/>
  <system-out/>
  <testcase classname="net.assuresign.scenario_4.Scenario_4_9" name="submitPrepare_DynamicJotBlockParsing_SpecifiedSchema" time="71.478"/>
  <system-out/>
  <testcase classname="net.assuresign.scenario_4.Scenario_4_9" name="submitPrepare_DynamicJotBlockParsing_SpecifiedSchema_parseDocFalse" time="12.214"/>
  <system-out/>
  <testcase classname="net.assuresign.scenario_4.Scenario_4_9" name="submitPrepare_getTemplateSchema_DynamicJotBlockParsing" time="21.501"/>
  <system-out/>
  <testcase classname="net.assuresign.scenario_4.Scenario_4_9" name="submitPrepare_DynamicJotBlockParsing_SpecifiedSchema_withoutParseDoc" time="11.169"/>
  <system-out/>
  <testcase classname="net.assuresign.scenario_4.Scenario_4_9" name="submit_getTemplateSchema_DynamicJotBlockParsing" time="25.921"/>
  <system-out/>
  <testcase classname="net.assuresign.scenario_4.Scenario_4_9" name="submit_DynamicJotBlockParsing_SpecifiedSchema" time="63.996"/>
  <system-out/>
  <testcase classname="net.assuresign.scenario_4.Scenario_4_9" name="submitPrepare_DynamicJotBlockParsing_getTemplteSchema_parseDocFalse" time="19.519"/>
  <system-out/>
  <testcase classname="net.assuresign.scenario_4.Scenario_4_9" name="submit_DynamicJotBlockParsing_parseDocTrue" time="19.290"/>
  <system-out/>
  <testcase classname="net.assuresign.scenario_4.Scenario_4_9" name="submitPrepare_getTemplateSchema_DynamicJotBlockParsing" time="21.095"/>
  <system-out/>
  <testcase classname="net.assuresign.scenario_4.Scenario_4_9" name="submit_DynamicJotBlockParsing_SpecifiedSchema" time="24.227"/>
  <system-out/>
</testsuite> <!-- net.assuresign.scenario_4.Scenario_4_9 -->
