<?xml version="1.0" encoding="UTF-8"?>
<!-- Generated by org.testng.reporters.JUnitReportReporter -->
<<<<<<< HEAD
<testsuite hostname="tussar-PC" failures="0" tests="2" name="net.assuresign.scenario_8.Scenario_8_3" time="55.255" errors="0" timestamp="2021-04-14T11:51:30 IST" skipped="0">
  <testcase classname="net.assuresign.scenario_8.Scenario_8_3" name="getEnvelopes_ClosedWithValidFormData" time="39.179"/>
  <system-out/>
  <testcase classname="net.assuresign.scenario_8.Scenario_8_3" name="Signers_NotCompletedEnvelop" time="16.076"/>
=======
<testsuite hostname="tussar-PC" failures="0" tests="2" name="net.assuresign.scenario_8.Scenario_8_3" time="23.373" errors="0" timestamp="2021-04-20T13:57:18 IST" skipped="0">
  <testcase classname="net.assuresign.scenario_8.Scenario_8_3" name="Signers_NotCompletedEnvelop" time="16.041"/>
  <system-out/>
  <testcase classname="net.assuresign.scenario_8.Scenario_8_3" name="getEnvelopes_ClosedWithValidFormData" time="7.332"/>
>>>>>>> master
  <system-out/>
</testsuite> <!-- net.assuresign.scenario_8.Scenario_8_3 -->
