<?xml version="1.0" encoding="UTF-8"?>
<!-- Generated by org.testng.reporters.JUnitReportReporter -->
<testsuite hostname="tussar-PC" failures="0" tests="4" name="net.assuresign.scenario_3.Scenario_3_4" time="387.603" errors="0" timestamp="2021-05-10T12:13:51 IST" skipped="0">
  <testcase classname="net.assuresign.scenario_3.Scenario_3_4" name="submit_DifferentFileType" time="120.031"/>
  <system-out/>
  <testcase classname="net.assuresign.scenario_3.Scenario_3_4" name="submit_DifferentFileType" time="119.026"/>
  <system-out/>
  <testcase classname="net.assuresign.scenario_3.Scenario_3_4" name="submit_DifferentFileType" time="24.262"/>
  <system-out/>
  <testcase classname="net.assuresign.scenario_3.Scenario_3_4" name="submit_DifferentFileType" time="124.284"/>
  <system-out/>
</testsuite> <!-- net.assuresign.scenario_3.Scenario_3_4 -->
