<?xml version="1.0" encoding="UTF-8"?>
<!-- Generated by org.testng.reporters.JUnitReportReporter -->
<testsuite hostname="tussar-PC" failures="0" tests="13" name="net.assuresign.scenario_10.Scenario_10" time="62.732" errors="0" timestamp="2021-04-14T16:09:31 IST" skipped="0">
  <testcase classname="net.assuresign.scenario_10.Scenario_10" name="apiUser_noBaseUserName" time="3.839"/>
  <system-out/>
  <testcase classname="net.assuresign.scenario_10.Scenario_10" name="apiUser_invalidScope" time="3.679"/>
  <system-out/>
  <testcase classname="net.assuresign.scenario_10.Scenario_10" name="apiUser_validRequestSpecificEnv" time="4.342"/>
  <system-out/>
  <testcase classname="net.assuresign.scenario_10.Scenario_10" name="apiUser_noScope" time="5.915"/>
  <system-out/>
  <testcase classname="net.assuresign.scenario_10.Scenario_10" name="apiUser_invalidRequest" time="3.798"/>
  <system-out/>
  <testcase classname="net.assuresign.scenario_10.Scenario_10" name="apiUser_noExpDate" time="4.399"/>
  <system-out/>
  <testcase classname="net.assuresign.scenario_10.Scenario_10" name="apiUser_noValueBaseUserName" time="9.434"/>
  <system-out/>
  <testcase classname="net.assuresign.scenario_10.Scenario_10" name="apiUser_validRequest" time="4.589"/>
  <system-out/>
  <testcase classname="net.assuresign.scenario_10.Scenario_10" name="apiUser_organizationScopes" time="4.208"/>
  <system-out/>
  <testcase classname="net.assuresign.scenario_10.Scenario_10" name="apiUser_withoutEnvironment" time="4.011"/>
  <system-out/>
  <testcase classname="net.assuresign.scenario_10.Scenario_10" name="apiUser_invalidEnvironment" time="3.758"/>
  <system-out/>
  <testcase classname="net.assuresign.scenario_10.Scenario_10" name="apiUser_noSpecificUser" time="6.955"/>
  <system-out/>
  <testcase classname="net.assuresign.scenario_10.Scenario_10" name="apiUser_noRequest" time="3.805"/>
  <system-out/>
</testsuite> <!-- net.assuresign.scenario_10.Scenario_10 -->
