<?xml version="1.0" encoding="UTF-8"?>
<!-- Generated by org.testng.reporters.JUnitReportReporter -->
<testsuite hostname="tussar-PC" failures="0" tests="13" name="net.assuresign.scenario_10.Scenario_10" time="70.971" errors="0" timestamp="2021-04-14T11:58:49 IST" skipped="0">
  <testcase classname="net.assuresign.scenario_10.Scenario_10" name="apiUser_organizationScopes" time="6.385"/>
  <system-out/>
  <testcase classname="net.assuresign.scenario_10.Scenario_10" name="apiUser_invalidRequest" time="4.843"/>
  <system-out/>
  <testcase classname="net.assuresign.scenario_10.Scenario_10" name="apiUser_noBaseUserName" time="6.701"/>
  <system-out/>
  <testcase classname="net.assuresign.scenario_10.Scenario_10" name="apiUser_noSpecificUser" time="4.391"/>
  <system-out/>
  <testcase classname="net.assuresign.scenario_10.Scenario_10" name="apiUser_withoutEnvironment" time="4.067"/>
  <system-out/>
  <testcase classname="net.assuresign.scenario_10.Scenario_10" name="apiUser_invalidEnvironment" time="9.505"/>
  <system-out/>
  <testcase classname="net.assuresign.scenario_10.Scenario_10" name="apiUser_noScope" time="4.888"/>
  <system-out/>
  <testcase classname="net.assuresign.scenario_10.Scenario_10" name="apiUser_invalidScope" time="3.865"/>
  <system-out/>
  <testcase classname="net.assuresign.scenario_10.Scenario_10" name="apiUser_noValueBaseUserName" time="4.485"/>
  <system-out/>
  <testcase classname="net.assuresign.scenario_10.Scenario_10" name="apiUser_noRequest" time="5.425"/>
  <system-out/>
  <testcase classname="net.assuresign.scenario_10.Scenario_10" name="apiUser_noExpDate" time="5.770"/>
  <system-out/>
  <testcase classname="net.assuresign.scenario_10.Scenario_10" name="apiUser_validRequestSpecificEnv" time="5.857"/>
  <system-out/>
  <testcase classname="net.assuresign.scenario_10.Scenario_10" name="apiUser_validRequest" time="4.789"/>
  <system-out/>
</testsuite> <!-- net.assuresign.scenario_10.Scenario_10 -->
