<?xml version="1.0" encoding="UTF-8"?>
<!-- Generated by org.testng.reporters.JUnitReportReporter -->
<testsuite hostname="tussar-PC" failures="0" tests="4" name="net.assuresign.scenario_3.Scenario_3_3" time="672.857" errors="0" timestamp="2021-05-10T12:07:08 IST" skipped="0">
  <testcase classname="net.assuresign.scenario_3.Scenario_3_3" name="submit_LargeFile" time="31.470"/>
  <system-out/>
  <testcase classname="net.assuresign.scenario_3.Scenario_3_3" name="submit_LargeFile" time="305.568"/>
  <system-out/>
  <testcase classname="net.assuresign.scenario_3.Scenario_3_3" name="submit_LargeFile" time="28.567"/>
  <system-out/>
  <testcase classname="net.assuresign.scenario_3.Scenario_3_3" name="submit_LargeFile" time="307.252"/>
  <system-out/>
</testsuite> <!-- net.assuresign.scenario_3.Scenario_3_3 -->
