<?xml version="1.0" encoding="UTF-8"?>
<!-- Generated by org.testng.reporters.JUnitReportReporter -->
<testsuite hostname="DESKTOP-17LNK85" failures="0" tests="4" name="net.assuresign.scenario_3.Scenario_3_12" time="25.739" errors="0" timestamp="2021-04-08T08:43:06 IST" skipped="0">
  <testcase classname="net.assuresign.scenario_3.Scenario_3_12" name="submitSSTemplate_invalidID" time="4.599"/>
  <system-out/>
  <testcase classname="net.assuresign.scenario_3.Scenario_3_12" name="submitSSTemplate_delayedStep" time="12.142"/>
  <system-out/>
  <testcase classname="net.assuresign.scenario_3.Scenario_3_12" name="submitSSTemplate_pwdOpenFile" time="3.821"/>
  <system-out/>
  <testcase classname="net.assuresign.scenario_3.Scenario_3_12" name="submitSSTemplate_signerPassword" time="5.177"/>
  <system-out/>
</testsuite> <!-- net.assuresign.scenario_3.Scenario_3_12 -->
