<?xml version="1.0" encoding="UTF-8"?>
<!-- Generated by org.testng.reporters.JUnitReportReporter -->
<testsuite hostname="tussar-PC" failures="0" tests="2" name="net.assuresign.scenario_3.Scenario_3_2" time="20.499" errors="0" timestamp="2021-04-15T10:50:59 IST" skipped="0">
  <testcase classname="net.assuresign.scenario_3.Scenario_3_2" name="submit_ValidTemplateID" time="13.462"/>
  <system-out/>
  <testcase classname="net.assuresign.scenario_3.Scenario_3_2" name="submit_InvalidTemplateID" time="7.037"/>
  <system-out/>
</testsuite> <!-- net.assuresign.scenario_3.Scenario_3_2 -->
