<?xml version="1.0" encoding="UTF-8"?>
<!-- Generated by org.testng.reporters.JUnitReportReporter -->
<testsuite hostname="DESKTOP-17LNK85" failures="0" tests="16" name="net.assuresign.scenario_8.Scenario_8_2" time="154.939" errors="0" timestamp="2021-04-07T10:50:11 IST" skipped="0">
  <testcase classname="net.assuresign.scenario_8.Scenario_8_2" name="cancel_AlreadyCancelledEnvelopID" time="13.013"/>
  <system-out/>
  <testcase classname="net.assuresign.scenario_8.Scenario_8_2" name="cancel_AlreadyCancelledEnvelopID" time="12.273"/>
  <system-out/>
  <testcase classname="net.assuresign.scenario_8.Scenario_8_2" name="cancel_AlreadyCancelledEnvelopID" time="16.673"/>
  <system-out/>
  <testcase classname="net.assuresign.scenario_8.Scenario_8_2" name="cancel_ValidEnvelopID" time="4.362"/>
  <system-out/>
  <testcase classname="net.assuresign.scenario_8.Scenario_8_2" name="cancel_AlreadyCancelledEnvelopID" time="12.546"/>
  <system-out/>
  <testcase classname="net.assuresign.scenario_8.Scenario_8_2" name="cancel_ValidEnvelopID" time="4.903"/>
  <system-out/>
  <testcase classname="net.assuresign.scenario_8.Scenario_8_2" name="cancel_AlreadyCancelledEnvelopID" time="18.062"/>
  <system-out/>
  <testcase classname="net.assuresign.scenario_8.Scenario_8_2" name="cancel_ValidEnvelopID" time="4.320"/>
  <system-out/>
  <testcase classname="net.assuresign.scenario_8.Scenario_8_2" name="cancel_ValidEnvelopID" time="4.255"/>
  <system-out/>
  <testcase classname="net.assuresign.scenario_8.Scenario_8_2" name="cancel_ValidEnvelopID" time="4.128"/>
  <system-out/>
  <testcase classname="net.assuresign.scenario_8.Scenario_8_2" name="cancel_AlreadyCancelledEnvelopID" time="20.084"/>
  <system-out/>
  <testcase classname="net.assuresign.scenario_8.Scenario_8_2" name="cancel_AlreadyCancelledEnvelopID" time="14.563"/>
  <system-out/>
  <testcase classname="net.assuresign.scenario_8.Scenario_8_2" name="cancel_ValidEnvelopID" time="4.313"/>
  <system-out/>
  <testcase classname="net.assuresign.scenario_8.Scenario_8_2" name="cancel_ValidEnvelopID" time="4.239"/>
  <system-out/>
  <testcase classname="net.assuresign.scenario_8.Scenario_8_2" name="cancel_AlreadyCancelledEnvelopID" time="12.528"/>
  <system-out/>
  <testcase classname="net.assuresign.scenario_8.Scenario_8_2" name="cancel_ValidEnvelopID" time="4.677"/>
  <system-out/>
</testsuite> <!-- net.assuresign.scenario_8.Scenario_8_2 -->
