<?xml version="1.0" encoding="UTF-8"?>
<!-- Generated by org.testng.reporters.JUnitReportReporter -->
<testsuite hostname="tussar-PC" failures="0" tests="2" name="net.assuresign.scenario_8.Scenario_8_3" time="50.164" errors="0" timestamp="2021-04-14T16:09:31 IST" skipped="0">
  <testcase classname="net.assuresign.scenario_8.Scenario_8_3" name="Signers_NotCompletedEnvelop" time="15.614"/>
  <system-out/>
  <testcase classname="net.assuresign.scenario_8.Scenario_8_3" name="getEnvelopes_ClosedWithValidFormData" time="34.550"/>
  <system-out/>
</testsuite> <!-- net.assuresign.scenario_8.Scenario_8_3 -->
