<?xml version="1.0" encoding="UTF-8"?>
<!-- Generated by org.testng.reporters.JUnitReportReporter -->
<testsuite hostname="tussar-PC" failures="0" tests="2" name="net.assuresign.scenario_4.Scenario_4_6" time="18.940" errors="0" timestamp="2021-04-14T11:12:53 IST" skipped="0">
  <testcase classname="net.assuresign.scenario_4.Scenario_4_6" name="submitPrepare_WithPwdToEditFile" time="9.859"/>
  <system-out/>
  <testcase classname="net.assuresign.scenario_4.Scenario_4_6" name="submitPrepare_WithPwdToOpenFile" time="9.081"/>
  <system-out/>
</testsuite> <!-- net.assuresign.scenario_4.Scenario_4_6 -->
