<?xml version="1.0" encoding="UTF-8"?>
<!-- Generated by org.testng.reporters.JUnitReportReporter -->
<testsuite hostname="tussar-PC" failures="0" tests="1" name="net.assuresign.scenario_12.Scenario_12" time="86.803" errors="0" timestamp="2021-04-12T11:42:16 IST" skipped="0">
  <testcase classname="net.assuresign.scenario_12.Scenario_12" name="collectionRun_submit" time="86.803"/>
  <system-out/>
</testsuite> <!-- net.assuresign.scenario_12.Scenario_12 -->
