<?xml version="1.0" encoding="UTF-8"?>
<!-- Generated by org.testng.reporters.JUnitReportReporter -->
<testsuite hostname="tussar-PC" failures="0" tests="1" name="net.assuresign.scenario_4.Scenario_4_10" time="11.142" errors="0" timestamp="2021-04-15T10:50:59 IST" skipped="0">
  <testcase classname="net.assuresign.scenario_4.Scenario_4_10" name="submitPrepare_WrongConditionalLogic" time="11.142"/>
  <system-out/>
</testsuite> <!-- net.assuresign.scenario_4.Scenario_4_10 -->
