<?xml version="1.0" encoding="UTF-8"?>
<!-- Generated by org.testng.reporters.JUnitReportReporter -->
<testsuite hostname="tussar-PC" failures="0" tests="2" name="net.assuresign.scenario_3.Scenario_3_2" time="14.747" errors="0" timestamp="2021-04-14T16:09:31 IST" skipped="0">
  <testcase classname="net.assuresign.scenario_3.Scenario_3_2" name="submit_ValidTemplateID" time="8.760"/>
  <system-out/>
  <testcase classname="net.assuresign.scenario_3.Scenario_3_2" name="submit_InvalidTemplateID" time="5.987"/>
  <system-out/>
</testsuite> <!-- net.assuresign.scenario_3.Scenario_3_2 -->
