<?xml version="1.0" encoding="UTF-8"?>
<!-- Generated by org.testng.reporters.JUnitReportReporter -->
<testsuite hostname="tussar-PC" failures="0" tests="3" name="net.assuresign.scenario_11.Scenario_11" time="11.050" errors="0" timestamp="2021-04-14T16:09:31 IST" skipped="0">
  <testcase classname="net.assuresign.scenario_11.Scenario_11" name="environments_InvalidUsername" time="3.536"/>
  <system-out/>
  <testcase classname="net.assuresign.scenario_11.Scenario_11" name="environments_EmptyUsername" time="3.785"/>
  <system-out/>
  <testcase classname="net.assuresign.scenario_11.Scenario_11" name="environments_validUsername" time="3.729"/>
  <system-out/>
</testsuite> <!-- net.assuresign.scenario_11.Scenario_11 -->
