<?xml version="1.0" encoding="UTF-8"?>
<!-- Generated by org.testng.reporters.JUnitReportReporter -->
<testsuite hostname="DESKTOP-17LNK85" failures="0" tests="2" name="net.assuresign.scenario_3.Scenario_3_1" time="27.151" errors="0" timestamp="2021-04-08T08:43:06 IST" skipped="0">
  <testcase classname="net.assuresign.scenario_3.Scenario_3_1" name="submitHybridCall" time="19.822"/>
  <system-out/>
  <testcase classname="net.assuresign.scenario_3.Scenario_3_1" name="submitHybridCall_InvalidDocName" time="7.329"/>
  <system-out/>
</testsuite> <!-- net.assuresign.scenario_3.Scenario_3_1 -->
