<?xml version="1.0" encoding="UTF-8"?>
<!-- Generated by org.testng.reporters.JUnitReportReporter -->
<<<<<<< HEAD
<testsuite hostname="tussar-PC" failures="0" tests="2" name="net.assuresign.scenario_3.Scenario_3_13" time="52.703" errors="0" timestamp="2021-04-14T11:02:26 IST" skipped="0">
  <testcase classname="net.assuresign.scenario_3.Scenario_3_13" name="submitPlaceholderTemplate_oneDoc" time="34.332"/>
  <system-out/>
  <testcase classname="net.assuresign.scenario_3.Scenario_3_13" name="submitPlaceholderTemplate_twoDoc" time="18.371"/>
=======
<testsuite hostname="tussar-PC" failures="0" tests="2" name="net.assuresign.scenario_3.Scenario_3_13" time="25.623" errors="0" timestamp="2021-04-15T10:50:59 IST" skipped="0">
  <testcase classname="net.assuresign.scenario_3.Scenario_3_13" name="submitPlaceholderTemplate_oneDoc" time="11.522"/>
  <system-out/>
  <testcase classname="net.assuresign.scenario_3.Scenario_3_13" name="submitPlaceholderTemplate_twoDoc" time="14.101"/>
>>>>>>> master
  <system-out/>
</testsuite> <!-- net.assuresign.scenario_3.Scenario_3_13 -->
