<?xml version="1.0" encoding="UTF-8"?>
<!-- Generated by org.testng.reporters.JUnitReportReporter -->
<testsuite hostname="tussar-PC" failures="0" tests="2" name="net.assuresign.scenario_3.Scenario_3_13" time="22.837" errors="0" timestamp="2021-04-14T16:09:31 IST" skipped="0">
  <testcase classname="net.assuresign.scenario_3.Scenario_3_13" name="submitPlaceholderTemplate_oneDoc" time="8.598"/>
  <system-out/>
  <testcase classname="net.assuresign.scenario_3.Scenario_3_13" name="submitPlaceholderTemplate_twoDoc" time="14.239"/>
  <system-out/>
</testsuite> <!-- net.assuresign.scenario_3.Scenario_3_13 -->
