<?xml version="1.0" encoding="UTF-8"?>
<!-- Generated by org.testng.reporters.JUnitReportReporter -->
<testsuite hostname="DESKTOP-17LNK85" failures="0" tests="2" name="net.assuresign.scenario_3.Scenario_3_9" time="12.445" errors="0" timestamp="2021-04-08T08:43:06 IST" skipped="0">
  <testcase classname="net.assuresign.scenario_3.Scenario_3_9" name="submit_SSTemplate128Char" time="4.477"/>
  <system-out/>
  <testcase classname="net.assuresign.scenario_3.Scenario_3_9" name="submit_Doc128Char" time="7.968"/>
  <system-out/>
</testsuite> <!-- net.assuresign.scenario_3.Scenario_3_9 -->
