<?xml version="1.0" encoding="UTF-8"?>
<!-- Generated by org.testng.reporters.JUnitReportReporter -->
<testsuite hostname="tussar-PC" failures="0" tests="1" name="net.assuresign.scenario_3.Scenario_3_18" time="42.611" errors="0" timestamp="2021-04-15T10:50:59 IST" skipped="0">
  <testcase classname="net.assuresign.scenario_3.Scenario_3_18" name="submit_WrongConditionalLogic" time="42.611"/>
  <system-out/>
</testsuite> <!-- net.assuresign.scenario_3.Scenario_3_18 -->
