<?xml version="1.0" encoding="UTF-8"?>
<!-- Generated by org.testng.reporters.JUnitReportReporter -->
<testsuite hostname="DESKTOP-17LNK85" failures="0" tests="3" name="net.assuresign.scenario_3.Scenario_3_10" time="16.589" errors="0" timestamp="2021-04-08T08:43:06 IST" skipped="0">
  <testcase classname="net.assuresign.scenario_3.Scenario_3_10" name="submit_HybridCallMissingDocName" time="6.115"/>
  <system-out/>
  <testcase classname="net.assuresign.scenario_3.Scenario_3_10" name="submitSSTemplate_EmptyDocName" time="4.695"/>
  <system-out/>
  <testcase classname="net.assuresign.scenario_3.Scenario_3_10" name="submit_missingDocName" time="5.779"/>
  <system-out/>
</testsuite> <!-- net.assuresign.scenario_3.Scenario_3_10 -->
