<?xml version="1.0" encoding="UTF-8"?>
<!-- Generated by org.testng.reporters.JUnitReportReporter -->
<testsuite hostname="DESKTOP-17LNK85" failures="0" tests="48" name="net.assuresign.scenario_8.Scenario_8_4" time="564.444" errors="0" timestamp="2021-04-07T11:06:43 IST" skipped="0">
  <testcase classname="net.assuresign.scenario_8.Scenario_8_4" name="Signers_CompletedDoc" time="18.577"/>
  <system-out/>
  <testcase classname="net.assuresign.scenario_8.Scenario_8_4" name="Signers_CompletedDoc" time="12.340"/>
  <system-out/>
  <testcase classname="net.assuresign.scenario_8.Scenario_8_4" name="Signers_invalidEnvelopeID" time="5.408"/>
  <system-out/>
  <testcase classname="net.assuresign.scenario_8.Scenario_8_4" name="Signers_validInput" time="16.289"/>
  <system-out/>
  <testcase classname="net.assuresign.scenario_8.Scenario_8_4" name="Signers_invalidEnvelopeID" time="4.961"/>
  <system-out/>
  <testcase classname="net.assuresign.scenario_8.Scenario_8_4" name="Signers_invalidEnvelopeID" time="4.298"/>
  <system-out/>
  <testcase classname="net.assuresign.scenario_8.Scenario_8_4" name="Signers_withoutRequestBody" time="18.853"/>
  <system-out/>
  <testcase classname="net.assuresign.scenario_8.Scenario_8_4" name="Signers_CompletedDoc" time="14.354"/>
  <system-out/>
  <testcase classname="net.assuresign.scenario_8.Scenario_8_4" name="Signers_validInput" time="14.724"/>
  <system-out/>
  <testcase classname="net.assuresign.scenario_8.Scenario_8_4" name="Signers_withoutRequestBody" time="12.763"/>
  <system-out/>
  <testcase classname="net.assuresign.scenario_8.Scenario_8_4" name="Signers_CompletedDoc" time="12.928"/>
  <system-out/>
  <testcase classname="net.assuresign.scenario_8.Scenario_8_4" name="Signers_invalidSignerID" time="13.937"/>
  <system-out/>
  <testcase classname="net.assuresign.scenario_8.Scenario_8_4" name="Signers_CompletedDoc" time="12.246"/>
  <system-out/>
  <testcase classname="net.assuresign.scenario_8.Scenario_8_4" name="Signers_invalidEnvelopeID" time="5.449"/>
  <system-out/>
  <testcase classname="net.assuresign.scenario_8.Scenario_8_4" name="Signers_invalidSignerID" time="21.125"/>
  <system-out/>
  <testcase classname="net.assuresign.scenario_8.Scenario_8_4" name="Signers_validInput" time="18.149"/>
  <system-out/>
  <testcase classname="net.assuresign.scenario_8.Scenario_8_4" name="Signers_invalidSignerID" time="13.088"/>
  <system-out/>
  <testcase classname="net.assuresign.scenario_8.Scenario_8_4" name="Signers_validInput" time="12.579"/>
  <system-out/>
  <testcase classname="net.assuresign.scenario_8.Scenario_8_4" name="Signers_validInput" time="16.473"/>
  <system-out/>
  <testcase classname="net.assuresign.scenario_8.Scenario_8_4" name="Signers_invalidEnvelopeID" time="5.147"/>
  <system-out/>
  <testcase classname="net.assuresign.scenario_8.Scenario_8_4" name="Signers_emptySignerAndEnvelopID" time="4.813"/>
  <system-out/>
  <testcase classname="net.assuresign.scenario_8.Scenario_8_4" name="Signers_invalidEnvelopeID" time="5.131"/>
  <system-out/>
  <testcase classname="net.assuresign.scenario_8.Scenario_8_4" name="Signers_emptySignerAndEnvelopID" time="3.704"/>
  <system-out/>
  <testcase classname="net.assuresign.scenario_8.Scenario_8_4" name="Signers_invalidEnvelopeID" time="4.867"/>
  <system-out/>
  <testcase classname="net.assuresign.scenario_8.Scenario_8_4" name="Signers_CompletedDoc" time="19.802"/>
  <system-out/>
  <testcase classname="net.assuresign.scenario_8.Scenario_8_4" name="Signers_emptySignerAndEnvelopID" time="4.381"/>
  <system-out/>
  <testcase classname="net.assuresign.scenario_8.Scenario_8_4" name="Signers_invalidSignerID" time="12.574"/>
  <system-out/>
  <testcase classname="net.assuresign.scenario_8.Scenario_8_4" name="Signers_CompletedDoc" time="12.677"/>
  <system-out/>
  <testcase classname="net.assuresign.scenario_8.Scenario_8_4" name="Signers_emptySignerAndEnvelopID" time="3.451"/>
  <system-out/>
  <testcase classname="net.assuresign.scenario_8.Scenario_8_4" name="Signers_validInput" time="12.220"/>
  <system-out/>
  <testcase classname="net.assuresign.scenario_8.Scenario_8_4" name="Signers_withoutRequestBody" time="16.638"/>
  <system-out/>
  <testcase classname="net.assuresign.scenario_8.Scenario_8_4" name="Signers_invalidSignerID" time="13.080"/>
  <system-out/>
  <testcase classname="net.assuresign.scenario_8.Scenario_8_4" name="Signers_withoutRequestBody" time="11.842"/>
  <system-out/>
  <testcase classname="net.assuresign.scenario_8.Scenario_8_4" name="Signers_CompletedDoc" time="19.739"/>
  <system-out/>
  <testcase classname="net.assuresign.scenario_8.Scenario_8_4" name="Signers_withoutRequestBody" time="14.483"/>
  <system-out/>
  <testcase classname="net.assuresign.scenario_8.Scenario_8_4" name="Signers_emptySignerAndEnvelopID" time="3.828"/>
  <system-out/>
  <testcase classname="net.assuresign.scenario_8.Scenario_8_4" name="Signers_validInput" time="12.958"/>
  <system-out/>
  <testcase classname="net.assuresign.scenario_8.Scenario_8_4" name="Signers_invalidSignerID" time="19.156"/>
  <system-out/>
  <testcase classname="net.assuresign.scenario_8.Scenario_8_4" name="Signers_emptySignerAndEnvelopID" time="3.500"/>
  <system-out/>
  <testcase classname="net.assuresign.scenario_8.Scenario_8_4" name="Signers_invalidEnvelopeID" time="4.733"/>
  <system-out/>
  <testcase classname="net.assuresign.scenario_8.Scenario_8_4" name="Signers_withoutRequestBody" time="12.245"/>
  <system-out/>
  <testcase classname="net.assuresign.scenario_8.Scenario_8_4" name="Signers_withoutRequestBody" time="14.589"/>
  <system-out/>
  <testcase classname="net.assuresign.scenario_8.Scenario_8_4" name="Signers_emptySignerAndEnvelopID" time="4.173"/>
  <system-out/>
  <testcase classname="net.assuresign.scenario_8.Scenario_8_4" name="Signers_invalidSignerID" time="14.197"/>
  <system-out/>
  <testcase classname="net.assuresign.scenario_8.Scenario_8_4" name="Signers_withoutRequestBody" time="22.885"/>
  <system-out/>
  <testcase classname="net.assuresign.scenario_8.Scenario_8_4" name="Signers_validInput" time="12.298"/>
  <system-out/>
  <testcase classname="net.assuresign.scenario_8.Scenario_8_4" name="Signers_emptySignerAndEnvelopID" time="3.395"/>
  <system-out/>
  <testcase classname="net.assuresign.scenario_8.Scenario_8_4" name="Signers_invalidSignerID" time="23.397"/>
  <system-out/>
</testsuite> <!-- net.assuresign.scenario_8.Scenario_8_4 -->
