<?xml version="1.0" encoding="UTF-8"?>
<!-- Generated by org.testng.reporters.JUnitReportReporter -->
<testsuite hostname="tussar-PC" failures="0" tests="2" name="net.assuresign.scenario_9.Scenario_9" time="15.048" errors="0" timestamp="2021-04-14T11:58:49 IST" skipped="0">
  <testcase classname="net.assuresign.scenario_9.Scenario_9" name="getSSOToken" time="10.447"/>
  <system-out/>
  <testcase classname="net.assuresign.scenario_9.Scenario_9" name="getSSOToken_XASUserContext" time="4.601"/>
  <system-out/>
</testsuite> <!-- net.assuresign.scenario_9.Scenario_9 -->
