<?xml version="1.0" encoding="UTF-8"?>
<!-- Generated by org.testng.reporters.JUnitReportReporter -->
<testsuite hostname="tussar-PC" failures="0" tests="2" name="net.assuresign.scenario_9.Scenario_9" time="13.747" errors="0" timestamp="2021-04-12T11:33:46 IST" skipped="0">
  <testcase classname="net.assuresign.scenario_9.Scenario_9" name="getSSOToken_XASUserContext" time="4.228"/>
  <system-out/>
  <testcase classname="net.assuresign.scenario_9.Scenario_9" name="getSSOToken" time="9.519"/>
  <system-out/>
</testsuite> <!-- net.assuresign.scenario_9.Scenario_9 -->
