<?xml version="1.0" encoding="UTF-8"?>
<!-- Generated by org.testng.reporters.JUnitReportReporter -->
<testsuite hostname="tussar-PC" failures="0" tests="6" name="net.assuresign.scenario_4.Scenario_4_1" time="253.076" errors="0" timestamp="2021-05-08T22:34:13 IST" skipped="0">
  <testcase classname="net.assuresign.scenario_4.Scenario_4_1" name="submit_SpecifiedSchema" time="61.536"/>
  <system-out/>
  <testcase classname="net.assuresign.scenario_4.Scenario_4_1" name="submitPrepare_SpecifiedSchema" time="53.703"/>
  <system-out/>
  <testcase classname="net.assuresign.scenario_4.Scenario_4_1" name="submitPrepare_SpecifiedSchema" time="54.213"/>
  <system-out/>
  <testcase classname="net.assuresign.scenario_4.Scenario_4_1" name="submit_SpecifiedSchema" time="59.628"/>
  <system-out/>
  <testcase classname="net.assuresign.scenario_4.Scenario_4_1" name="submit_SpecifiedSchema" time="11.063"/>
  <system-out/>
  <testcase classname="net.assuresign.scenario_4.Scenario_4_1" name="submitPrepare_SpecifiedSchema" time="12.933"/>
  <system-out/>
</testsuite> <!-- net.assuresign.scenario_4.Scenario_4_1 -->
