<?xml version="1.0" encoding="UTF-8"?>
<!-- Generated by org.testng.reporters.JUnitReportReporter -->
<testsuite hostname="DESKTOP-17LNK85" failures="0" tests="40" name="net.assuresign.scenario_2.TokenBearer_Correct" time="90.535" errors="0" timestamp="2021-04-06T09:54:54 IST" skipped="0">
  <testcase classname="net.assuresign.scenario_2.TokenBearer_Correct" name="tokenBearer_validateResponseTime" time="2.293"/>
  <system-out/>
  <testcase classname="net.assuresign.scenario_2.TokenBearer_Correct" name="tokenBearer_validateStatusCode" time="2.239"/>
  <system-out/>
  <testcase classname="net.assuresign.scenario_2.TokenBearer_Correct" name="tokenBearer_validateResponseTime" time="2.238"/>
  <system-out/>
  <testcase classname="net.assuresign.scenario_2.TokenBearer_Correct" name="tokenBearer_validateTokenSchema" time="2.239"/>
  <system-out/>
  <testcase classname="net.assuresign.scenario_2.TokenBearer_Correct" name="tokenBearer_validateTokenSchema" time="2.198"/>
  <system-out/>
  <testcase classname="net.assuresign.scenario_2.TokenBearer_Correct" name="tokenBearer_validateHeaders" time="1.830"/>
  <system-out/>
  <testcase classname="net.assuresign.scenario_2.TokenBearer_Correct" name="tokenBearer_validateParameters" time="2.539"/>
  <system-out/>
  <testcase classname="net.assuresign.scenario_2.TokenBearer_Correct" name="tokenBearer_validateTokenSchema" time="1.994"/>
  <system-out/>
  <testcase classname="net.assuresign.scenario_2.TokenBearer_Correct" name="tokenBearer_validateParameters" time="2.230"/>
  <system-out/>
  <testcase classname="net.assuresign.scenario_2.TokenBearer_Correct" name="tokenBearer_validateParameters" time="2.238"/>
  <system-out/>
  <testcase classname="net.assuresign.scenario_2.TokenBearer_Correct" name="tokenBearer_validateParameters" time="2.556"/>
  <system-out/>
  <testcase classname="net.assuresign.scenario_2.TokenBearer_Correct" name="tokenBearer_validateStatusCode" time="2.239"/>
  <system-out/>
  <testcase classname="net.assuresign.scenario_2.TokenBearer_Correct" name="tokenBearer_validateTokenSchema" time="2.239"/>
  <system-out/>
  <testcase classname="net.assuresign.scenario_2.TokenBearer_Correct" name="tokenBearer_validateHeaders" time="2.247"/>
  <system-out/>
  <testcase classname="net.assuresign.scenario_2.TokenBearer_Correct" name="tokenBearer_validateResponseTime" time="2.131"/>
  <system-out/>
  <testcase classname="net.assuresign.scenario_2.TokenBearer_Correct" name="tokenBearer_validateParameters" time="2.481"/>
  <system-out/>
  <testcase classname="net.assuresign.scenario_2.TokenBearer_Correct" name="tokenBearer_validateStatusCode" time="2.396"/>
  <system-out/>
  <testcase classname="net.assuresign.scenario_2.TokenBearer_Correct" name="tokenBearer_validateParameters" time="2.318"/>
  <system-out/>
  <testcase classname="net.assuresign.scenario_2.TokenBearer_Correct" name="tokenBearer_validateHeaders" time="2.502"/>
  <system-out/>
  <testcase classname="net.assuresign.scenario_2.TokenBearer_Correct" name="tokenBearer_validateTokenSchema" time="2.005"/>
  <system-out/>
  <testcase classname="net.assuresign.scenario_2.TokenBearer_Correct" name="tokenBearer_validateResponseTime" time="1.910"/>
  <system-out/>
  <testcase classname="net.assuresign.scenario_2.TokenBearer_Correct" name="tokenBearer_validateStatusCode" time="2.564"/>
  <system-out/>
  <testcase classname="net.assuresign.scenario_2.TokenBearer_Correct" name="tokenBearer_validateHeaders" time="2.422"/>
  <system-out/>
  <testcase classname="net.assuresign.scenario_2.TokenBearer_Correct" name="tokenBearer_validateResponseTime" time="2.238"/>
  <system-out/>
  <testcase classname="net.assuresign.scenario_2.TokenBearer_Correct" name="tokenBearer_validateHeaders" time="2.295"/>
  <system-out/>
  <testcase classname="net.assuresign.scenario_2.TokenBearer_Correct" name="tokenBearer_validateTokenSchema" time="2.505"/>
  <system-out/>
  <testcase classname="net.assuresign.scenario_2.TokenBearer_Correct" name="tokenBearer_validateStatusCode" time="2.554"/>
  <system-out/>
  <testcase classname="net.assuresign.scenario_2.TokenBearer_Correct" name="tokenBearer_validateHeaders" time="2.323"/>
  <system-out/>
  <testcase classname="net.assuresign.scenario_2.TokenBearer_Correct" name="tokenBearer_validateParameters" time="2.568"/>
  <system-out/>
  <testcase classname="net.assuresign.scenario_2.TokenBearer_Correct" name="tokenBearer_validateHeaders" time="2.080"/>
  <system-out/>
  <testcase classname="net.assuresign.scenario_2.TokenBearer_Correct" name="tokenBearer_validateParameters" time="2.238"/>
  <system-out/>
  <testcase classname="net.assuresign.scenario_2.TokenBearer_Correct" name="tokenBearer_validateResponseTime" time="2.242"/>
  <system-out/>
  <testcase classname="net.assuresign.scenario_2.TokenBearer_Correct" name="tokenBearer_validateResponseTime" time="2.299"/>
  <system-out/>
  <testcase classname="net.assuresign.scenario_2.TokenBearer_Correct" name="tokenBearer_validateStatusCode" time="2.309"/>
  <system-out/>
  <testcase classname="net.assuresign.scenario_2.TokenBearer_Correct" name="tokenBearer_validateTokenSchema" time="1.920"/>
  <system-out/>
  <testcase classname="net.assuresign.scenario_2.TokenBearer_Correct" name="tokenBearer_validateStatusCode" time="2.239"/>
  <system-out/>
  <testcase classname="net.assuresign.scenario_2.TokenBearer_Correct" name="tokenBearer_validateResponseTime" time="2.239"/>
  <system-out/>
  <testcase classname="net.assuresign.scenario_2.TokenBearer_Correct" name="tokenBearer_validateTokenSchema" time="2.278"/>
  <system-out/>
  <testcase classname="net.assuresign.scenario_2.TokenBearer_Correct" name="tokenBearer_validateHeaders" time="2.231"/>
  <system-out/>
  <testcase classname="net.assuresign.scenario_2.TokenBearer_Correct" name="tokenBearer_validateStatusCode" time="1.929"/>
  <system-out/>
</testsuite> <!-- net.assuresign.scenario_2.TokenBearer_Correct -->
