<?xml version="1.0" encoding="UTF-8"?>
<!-- Generated by org.testng.reporters.JUnitReportReporter -->
<<<<<<< HEAD
<testsuite hostname="tussar-PC" failures="0" tests="8" name="net.assuresign.scenario_3.Scenario_3_12" time="233.530" errors="0" timestamp="2021-05-10T14:34:06 IST" skipped="0">
  <testcase classname="net.assuresign.scenario_3.Scenario_3_12" name="submitSSTemplate_pwdOpenFile" time="10.724"/>
  <system-out/>
  <testcase classname="net.assuresign.scenario_3.Scenario_3_12" name="submitSSTemplate_signerPassword" time="54.488"/>
  <system-out/>
  <testcase classname="net.assuresign.scenario_3.Scenario_3_12" name="submitSSTemplate_pwdOpenFile" time="5.425"/>
  <system-out/>
  <testcase classname="net.assuresign.scenario_3.Scenario_3_12" name="submitSSTemplate_pwdOpenFile" time="6.278"/>
  <system-out/>
  <testcase classname="net.assuresign.scenario_3.Scenario_3_12" name="submitSSTemplate_signerPassword" time="13.606"/>
  <system-out/>
  <testcase classname="net.assuresign.scenario_3.Scenario_3_12" name="submitSSTemplate_pwdOpenFile" time="5.403"/>
  <system-out/>
  <testcase classname="net.assuresign.scenario_3.Scenario_3_12" name="submitSSTemplate_signerPassword" time="75.381"/>
  <system-out/>
  <testcase classname="net.assuresign.scenario_3.Scenario_3_12" name="submitSSTemplate_signerPassword" time="62.225"/>
=======
<testsuite hostname="tussar-PC" failures="0" tests="4" name="net.assuresign.scenario_3.Scenario_3_12" time="34.559" errors="0" timestamp="2021-05-25T12:29:57 IST" skipped="0">
  <testcase classname="net.assuresign.scenario_3.Scenario_3_12" name="submitSSTemplate_pwdOpenFile" time="5.720"/>
  <system-out/>
  <testcase classname="net.assuresign.scenario_3.Scenario_3_12" name="submitSSTemplate_signerPassword" time="6.730"/>
  <system-out/>
  <testcase classname="net.assuresign.scenario_3.Scenario_3_12" name="submitSSTemplate_invalidID" time="7.256"/>
  <system-out/>
  <testcase classname="net.assuresign.scenario_3.Scenario_3_12" name="submitSSTemplate_delayedStep" time="14.853"/>
>>>>>>> master
  <system-out/>
</testsuite> <!-- net.assuresign.scenario_3.Scenario_3_12 -->
