<?xml version="1.0" encoding="UTF-8"?>
<!-- Generated by org.testng.reporters.JUnitReportReporter -->
<testsuite hostname="DESKTOP-1AVQ4LH" failures="0" tests="3" name="net.assuresign.scenario_4.Scenario_4_9_2" time="21.327" errors="0" timestamp="2021-05-31T09:52:47 IST" skipped="2">
  <testcase classname="net.assuresign.scenario_4.Scenario_4_9_2" name="submitPrepare_addDocumentCall" time="21.327"/>
  <system-out/>
  <testcase classname="net.assuresign.scenario_4.Scenario_4_9_2" name="submitPrepare_DynamicJB_withoutParseDoc">
    <skipped/>
  </testcase> <!-- submitPrepare_DynamicJB_withoutParseDoc -->
  <system-out/>
  <testcase classname="net.assuresign.scenario_4.Scenario_4_9_2" name="addDocument_DynamicJBParsing_parseDocFalse">
    <skipped/>
  </testcase> <!-- addDocument_DynamicJBParsing_parseDocFalse -->
  <system-out/>
</testsuite> <!-- net.assuresign.scenario_4.Scenario_4_9_2 -->
