<?xml version="1.0" encoding="UTF-8"?>
<!-- Generated by org.testng.reporters.JUnitReportReporter -->
<testsuite hostname="tussar-PC" failures="0" tests="5" name="net.assuresign.scenario_4.Scenario_4_4" time="160.752" errors="0" timestamp="2021-05-08T23:31:04 IST" skipped="1">
  <testcase classname="net.assuresign.scenario_4.Scenario_4_4" name="submit_WithSignerPassword" time="20.523"/>
  <system-out/>
  <testcase classname="net.assuresign.scenario_4.Scenario_4_4" name="submit_WithSignerPassword" time="23.918"/>
  <system-out/>
  <testcase classname="net.assuresign.scenario_4.Scenario_4_4" name="submit_WithSignerPassword" time="56.724"/>
  <system-out/>
  <testcase classname="net.assuresign.scenario_4.Scenario_4_4" name="submit_WithSignerPassword" time="59.587"/>
  <system-out/>
  <testcase classname="net.assuresign.scenario_4.Scenario_4_4" name="submitPrepare_WithSignerPassword">
    <skipped/>
  </testcase> <!-- submitPrepare_WithSignerPassword -->
  <system-out/>
</testsuite> <!-- net.assuresign.scenario_4.Scenario_4_4 -->
