<?xml version="1.0" encoding="UTF-8"?>
<!-- Generated by org.testng.reporters.JUnitReportReporter -->
<testsuite hostname="tussar-PC" failures="0" tests="2" name="net.assuresign.scenario_8.Scenario_8_2" time="22.371" errors="0" timestamp="2021-05-27T15:46:35 IST" skipped="1">
  <testcase classname="net.assuresign.scenario_8.Scenario_8_2" name="cancel_AlreadyCancelledEnvelopID" time="22.371"/>
  <system-out/>
  <testcase classname="net.assuresign.scenario_8.Scenario_8_2" name="cancel_ValidEnvelopID">
    <skipped/>
  </testcase> <!-- cancel_ValidEnvelopID -->
  <system-out/>
</testsuite> <!-- net.assuresign.scenario_8.Scenario_8_2 -->
