<?xml version="1.0" encoding="UTF-8"?>
<!-- Generated by org.testng.reporters.JUnitReportReporter -->
<testsuite hostname="tussar-PC" failures="0" tests="1" name="net.assuresign.scenario_4.Scenario_4_2" time="22.476" errors="0" timestamp="2021-04-12T09:30:13 IST" skipped="0">
  <testcase classname="net.assuresign.scenario_4.Scenario_4_2" name="submitPrepare_WithDelayedStep" time="22.476"/>
  <system-out/>
</testsuite> <!-- net.assuresign.scenario_4.Scenario_4_2 -->
