<?xml version="1.0" encoding="UTF-8"?>
<!-- Generated by org.testng.reporters.JUnitReportReporter -->
<testsuite hostname="tussar-PC" failures="0" tests="10" name="net.assuresign.scenario_3.Scenario_3_5" time="16.725" errors="0" timestamp="2021-05-06T12:22:22 IST" skipped="8">
  <testcase classname="net.assuresign.scenario_3.Scenario_3_5" name="submitValidate_jotBlockParsingParseDocFalse" time="10.562"/>
  <system-out/>
  <testcase classname="net.assuresign.scenario_3.Scenario_3_5" name="submit_jotBlockParsingParseDocFalse" time="6.163"/>
  <system-out/>
  <testcase classname="net.assuresign.scenario_3.Scenario_3_5" name="submit_jotBlockParsingDocTrueDuplicateJotBlock">
    <skipped/>
  </testcase> <!-- submit_jotBlockParsingDocTrueDuplicateJotBlock -->
  <system-out/>
  <testcase classname="net.assuresign.scenario_3.Scenario_3_5" name="submit_jotBlockParsingParseDocTrue">
    <skipped/>
  </testcase> <!-- submit_jotBlockParsingParseDocTrue -->
  <system-out/>
  <testcase classname="net.assuresign.scenario_3.Scenario_3_5" name="submit_jotBlockParsingWithPageCount">
    <skipped/>
  </testcase> <!-- submit_jotBlockParsingWithPageCount -->
  <system-out/>
  <testcase classname="net.assuresign.scenario_3.Scenario_3_5" name="submitValidate_jotBlockParsingNegativePageCount">
    <skipped/>
  </testcase> <!-- submitValidate_jotBlockParsingNegativePageCount -->
  <system-out/>
  <testcase classname="net.assuresign.scenario_3.Scenario_3_5" name="submitValidate_jotBlockParsingDocTrueDuplicateJotBlock">
    <skipped/>
  </testcase> <!-- submitValidate_jotBlockParsingDocTrueDuplicateJotBlock -->
  <system-out/>
  <testcase classname="net.assuresign.scenario_3.Scenario_3_5" name="submit_jotBlockParsingNegativePageCount">
    <skipped/>
  </testcase> <!-- submit_jotBlockParsingNegativePageCount -->
  <system-out/>
  <testcase classname="net.assuresign.scenario_3.Scenario_3_5" name="submitValidate_jotBlockParsingParseDocTrue">
    <skipped/>
  </testcase> <!-- submitValidate_jotBlockParsingParseDocTrue -->
  <system-out/>
  <testcase classname="net.assuresign.scenario_3.Scenario_3_5" name="submitValidate_jotBlockParsingWithPageCount">
    <skipped/>
  </testcase> <!-- submitValidate_jotBlockParsingWithPageCount -->
  <system-out/>
</testsuite> <!-- net.assuresign.scenario_3.Scenario_3_5 -->
