<?xml version="1.0" encoding="UTF-8"?>
<!-- Generated by org.testng.reporters.JUnitReportReporter -->
<testsuite hostname="tussar-PC" failures="0" tests="6" name="net.assuresign.scenario_8.Scenario_8_4" time="220.868" errors="0" timestamp="2021-04-12T11:33:25 IST" skipped="0">
  <testcase classname="net.assuresign.scenario_8.Scenario_8_4" name="Signers_emptySignerAndEnvelopID" time="5.279"/>
  <system-out/>
  <testcase classname="net.assuresign.scenario_8.Scenario_8_4" name="Signers_CompletedDoc" time="68.512"/>
  <system-out/>
  <testcase classname="net.assuresign.scenario_8.Scenario_8_4" name="Signers_invalidEnvelopeID" time="5.228"/>
  <system-out/>
  <testcase classname="net.assuresign.scenario_8.Scenario_8_4" name="Signers_validInput" time="50.539"/>
  <system-out/>
  <testcase classname="net.assuresign.scenario_8.Scenario_8_4" name="Signers_invalidSignerID" time="46.399"/>
  <system-out/>
  <testcase classname="net.assuresign.scenario_8.Scenario_8_4" name="Signers_withoutRequestBody" time="44.911"/>
  <system-out/>
</testsuite> <!-- net.assuresign.scenario_8.Scenario_8_4 -->
