<?xml version="1.0" encoding="UTF-8"?>
<!-- Generated by org.testng.reporters.JUnitReportReporter -->
<testsuite hostname="DESKTOP-17LNK85" failures="0" tests="16" name="net.assuresign.scenario_8.Scenario_8_3" time="159.506" errors="0" timestamp="2021-04-07T10:55:43 IST" skipped="0">
  <testcase classname="net.assuresign.scenario_8.Scenario_8_3" name="Signers_NotCompletedEnvelop" time="14.415"/>
  <system-out/>
  <testcase classname="net.assuresign.scenario_8.Scenario_8_3" name="getEnvelopes_ClosedWithValidFormData" time="4.671"/>
  <system-out/>
  <testcase classname="net.assuresign.scenario_8.Scenario_8_3" name="Signers_NotCompletedEnvelop" time="15.970"/>
  <system-out/>
  <testcase classname="net.assuresign.scenario_8.Scenario_8_3" name="Signers_NotCompletedEnvelop" time="13.985"/>
  <system-out/>
  <testcase classname="net.assuresign.scenario_8.Scenario_8_3" name="getEnvelopes_ClosedWithValidFormData" time="4.449"/>
  <system-out/>
  <testcase classname="net.assuresign.scenario_8.Scenario_8_3" name="Signers_NotCompletedEnvelop" time="19.527"/>
  <system-out/>
  <testcase classname="net.assuresign.scenario_8.Scenario_8_3" name="getEnvelopes_ClosedWithValidFormData" time="4.234"/>
  <system-out/>
  <testcase classname="net.assuresign.scenario_8.Scenario_8_3" name="getEnvelopes_ClosedWithValidFormData" time="4.455"/>
  <system-out/>
  <testcase classname="net.assuresign.scenario_8.Scenario_8_3" name="Signers_NotCompletedEnvelop" time="14.277"/>
  <system-out/>
  <testcase classname="net.assuresign.scenario_8.Scenario_8_3" name="Signers_NotCompletedEnvelop" time="14.200"/>
  <system-out/>
  <testcase classname="net.assuresign.scenario_8.Scenario_8_3" name="getEnvelopes_ClosedWithValidFormData" time="4.202"/>
  <system-out/>
  <testcase classname="net.assuresign.scenario_8.Scenario_8_3" name="Signers_NotCompletedEnvelop" time="15.527"/>
  <system-out/>
  <testcase classname="net.assuresign.scenario_8.Scenario_8_3" name="getEnvelopes_ClosedWithValidFormData" time="4.238"/>
  <system-out/>
  <testcase classname="net.assuresign.scenario_8.Scenario_8_3" name="getEnvelopes_ClosedWithValidFormData" time="4.593"/>
  <system-out/>
  <testcase classname="net.assuresign.scenario_8.Scenario_8_3" name="getEnvelopes_ClosedWithValidFormData" time="4.203"/>
  <system-out/>
  <testcase classname="net.assuresign.scenario_8.Scenario_8_3" name="Signers_NotCompletedEnvelop" time="16.560"/>
  <system-out/>
</testsuite> <!-- net.assuresign.scenario_8.Scenario_8_3 -->
