<?xml version="1.0" encoding="UTF-8"?>
<!-- Generated by org.testng.reporters.JUnitReportReporter -->
<testsuite hostname="tussar-PC" failures="0" tests="6" name="net.assuresign.scenario_1.TokenBearer_Incorrect" time="18.241" errors="0" timestamp="2021-04-16T15:10:59 IST" skipped="0">
  <testcase classname="net.assuresign.scenario_1.TokenBearer_Incorrect" name="tokenBearer_invalidApiKey" time="3.089"/>
  <system-out/>
  <testcase classname="net.assuresign.scenario_1.TokenBearer_Incorrect" name="tokenBearer_withoutContextUsername" time="2.104"/>
  <system-out/>
  <testcase classname="net.assuresign.scenario_1.TokenBearer_Incorrect" name="tokenBearer_withoutApiKey" time="2.000"/>
  <system-out/>
  <testcase classname="net.assuresign.scenario_1.TokenBearer_Incorrect" name="tokenBearer_incorrectJson" time="7.016"/>
  <system-out/>
  <testcase classname="net.assuresign.scenario_1.TokenBearer_Incorrect" name="tokenBearer_withoutApiUsername" time="1.933"/>
  <system-out/>
  <testcase classname="net.assuresign.scenario_1.TokenBearer_Incorrect" name="tokenBearer_withoutSessionLength" time="2.099"/>
  <system-out/>
</testsuite> <!-- net.assuresign.scenario_1.TokenBearer_Incorrect -->
