<?xml version="1.0" encoding="UTF-8"?>
<!-- Generated by org.testng.reporters.JUnitReportReporter -->
<testsuite hostname="tussar-PC" failures="0" tests="8" name="net.assuresign.scenario_4.Scenario_4_15" time="126.748" errors="0" timestamp="2021-05-11T09:02:28 IST" skipped="0">
  <testcase classname="net.assuresign.scenario_4.Scenario_4_15" name="submitPrepare_InvalidFileName" time="8.475"/>
  <system-out/>
  <testcase classname="net.assuresign.scenario_4.Scenario_4_15" name="submitPrepare_DocMoreThen128Char" time="42.226"/>
  <system-out/>
  <testcase classname="net.assuresign.scenario_4.Scenario_4_15" name="submitPrepare_DocMoreThen128Char" time="21.761"/>
  <system-out/>
  <testcase classname="net.assuresign.scenario_4.Scenario_4_15" name="submitPrepare_InvalidFileName" time="9.404"/>
  <system-out/>
  <testcase classname="net.assuresign.scenario_4.Scenario_4_15" name="submitPrepare_InvalidFileName" time="10.138"/>
  <system-out/>
  <testcase classname="net.assuresign.scenario_4.Scenario_4_15" name="submitPrepare_DocMoreThen128Char" time="10.874"/>
  <system-out/>
  <testcase classname="net.assuresign.scenario_4.Scenario_4_15" name="submitPrepare_InvalidFileName" time="9.250"/>
  <system-out/>
  <testcase classname="net.assuresign.scenario_4.Scenario_4_15" name="submitPrepare_DocMoreThen128Char" time="14.620"/>
  <system-out/>
</testsuite> <!-- net.assuresign.scenario_4.Scenario_4_15 -->
