<?xml version="1.0" encoding="UTF-8"?>
<!-- Generated by org.testng.reporters.JUnitReportReporter -->
<testsuite hostname="DESKTOP-17LNK85" failures="0" tests="2" name="net.assuresign.scenario_3.Scenario_3_8" time="11.352" errors="0" timestamp="2021-04-08T08:43:06 IST" skipped="0">
  <testcase classname="net.assuresign.scenario_3.Scenario_3_8" name="submitHybridCallDeprecated" time="9.238"/>
  <system-out/>
  <testcase classname="net.assuresign.scenario_3.Scenario_3_8" name="sessionTokenDeprecated_44009" time="2.114"/>
  <system-out/>
</testsuite> <!-- net.assuresign.scenario_3.Scenario_3_8 -->
