<?xml version="1.0" encoding="UTF-8"?>
<!-- Generated by org.testng.reporters.JUnitReportReporter -->
<testsuite hostname="tussar-PC" failures="0" tests="2" name="net.assuresign.scenario_3.Scenario_3_1" time="28.422" errors="0" timestamp="2021-04-15T10:50:59 IST" skipped="0">
  <testcase classname="net.assuresign.scenario_3.Scenario_3_1" name="submitHybridCall_InvalidDocName" time="8.662"/>
  <system-out/>
  <testcase classname="net.assuresign.scenario_3.Scenario_3_1" name="submitHybridCall" time="19.760"/>
  <system-out/>
</testsuite> <!-- net.assuresign.scenario_3.Scenario_3_1 -->
