<?xml version="1.0" encoding="UTF-8"?>
<!-- Generated by org.testng.reporters.JUnitReportReporter -->
<testsuite hostname="tussar-PC" failures="0" tests="7" name="net.assuresign.scenario_4.Scenario_4_15" time="112.249" errors="0" timestamp="2021-05-06T10:41:06 IST" skipped="0">
  <testcase classname="net.assuresign.scenario_4.Scenario_4_15" name="getPreparedEnvelopedID_FileToUploadNull" time="16.558"/>
  <system-out/>
  <testcase classname="net.assuresign.scenario_4.Scenario_4_15" name="getPreparedEnvelopedID_InvalidFileName" time="17.695"/>
  <system-out/>
  <testcase classname="net.assuresign.scenario_4.Scenario_4_15" name="getPreparedEnvelopedID_WithoutBase64File" time="15.613"/>
  <system-out/>
  <testcase classname="net.assuresign.scenario_4.Scenario_4_15" name="submitPrepare_DocMoreThen128Char" time="14.425"/>
  <system-out/>
  <testcase classname="net.assuresign.scenario_4.Scenario_4_15" name="getPreparedEnvelopedID_FileToUploadEmptyString" time="14.965"/>
  <system-out/>
  <testcase classname="net.assuresign.scenario_4.Scenario_4_15" name="getPreparedEnvelopedID_DocMoreThen128Char" time="15.101"/>
  <system-out/>
  <testcase classname="net.assuresign.scenario_4.Scenario_4_15" name="getPreparedEnvelopedID_InvalidFileValue" time="17.892"/>
  <system-out/>
</testsuite> <!-- net.assuresign.scenario_4.Scenario_4_15 -->
