<?xml version="1.0" encoding="UTF-8"?>
<!-- Generated by org.testng.reporters.JUnitReportReporter -->
<testsuite hostname="tussar-PC" failures="0" tests="4" name="net.assuresign.scenario_3.Scenario_3_12" time="35.315" errors="0" timestamp="2021-04-15T10:50:59 IST" skipped="0">
  <testcase classname="net.assuresign.scenario_3.Scenario_3_12" name="submitSSTemplate_delayedStep" time="16.509"/>
  <system-out/>
  <testcase classname="net.assuresign.scenario_3.Scenario_3_12" name="submitSSTemplate_invalidID" time="6.201"/>
  <system-out/>
  <testcase classname="net.assuresign.scenario_3.Scenario_3_12" name="submitSSTemplate_signerPassword" time="7.652"/>
  <system-out/>
  <testcase classname="net.assuresign.scenario_3.Scenario_3_12" name="submitSSTemplate_pwdOpenFile" time="4.953"/>
  <system-out/>
</testsuite> <!-- net.assuresign.scenario_3.Scenario_3_12 -->
