<?xml version="1.0" encoding="UTF-8"?>
<!-- Generated by org.testng.reporters.JUnitReportReporter -->
<testsuite hostname="tussar-PC" failures="0" tests="9" name="net.assuresign.scenario_4.Scenario_4_14" time="94.949" errors="0" timestamp="2021-05-09T01:41:41 IST" skipped="0">
  <testcase classname="net.assuresign.scenario_4.Scenario_4_14" name="submitPrepare_WithInvalidTemplate" time="6.757"/>
  <system-out/>
  <testcase classname="net.assuresign.scenario_4.Scenario_4_14" name="submitPrepare_WithInvalidTemplate" time="12.408"/>
  <system-out/>
  <testcase classname="net.assuresign.scenario_4.Scenario_4_14" name="submit_WithTempleteSchema" time="11.745"/>
  <system-out/>
  <testcase classname="net.assuresign.scenario_4.Scenario_4_14" name="submit_WithTempleteSchema" time="15.702"/>
  <system-out/>
  <testcase classname="net.assuresign.scenario_4.Scenario_4_14" name="submitPrepare_WithInvalidTemplate" time="8.625"/>
  <system-out/>
  <testcase classname="net.assuresign.scenario_4.Scenario_4_14" name="submit_WithTempleteSchema" time="13.806"/>
  <system-out/>
  <testcase classname="net.assuresign.scenario_4.Scenario_4_14" name="submitPrepare_WithTempleteSchema" time="8.629"/>
  <system-out/>
  <testcase classname="net.assuresign.scenario_4.Scenario_4_14" name="submitPrepare_WithTempleteSchema" time="8.448"/>
  <system-out/>
  <testcase classname="net.assuresign.scenario_4.Scenario_4_14" name="submitPrepare_WithTempleteSchema" time="8.829"/>
  <system-out/>
</testsuite> <!-- net.assuresign.scenario_4.Scenario_4_14 -->
