<?xml version="1.0" encoding="UTF-8"?>
<!-- Generated by org.testng.reporters.JUnitReportReporter -->
<testsuite hostname="tussar-PC" failures="0" tests="2" name="net.assuresign.scenario_4.Scenario_4_2" time="39.585" errors="0" timestamp="2021-05-08T22:35:42 IST" skipped="0">
  <testcase classname="net.assuresign.scenario_4.Scenario_4_2" name="submit_WithDelayedStep" time="26.724"/>
  <system-out/>
  <testcase classname="net.assuresign.scenario_4.Scenario_4_2" name="submitPrepare_WithDelayedStep" time="12.861"/>
  <system-out/>
</testsuite> <!-- net.assuresign.scenario_4.Scenario_4_2 -->
