<?xml version="1.0" encoding="UTF-8"?>
<!-- Generated by org.testng.reporters.JUnitReportReporter -->
<testsuite hostname="tussar-PC" failures="0" tests="2" name="net.assuresign.scenario_3.Scenario_3_2" time="22.637" errors="0" timestamp="2021-04-12T08:47:24 IST" skipped="0">
  <testcase classname="net.assuresign.scenario_3.Scenario_3_2" name="submit_ValidTemplateID" time="16.696"/>
  <system-out/>
  <testcase classname="net.assuresign.scenario_3.Scenario_3_2" name="submit_InvalidTemplateID" time="5.941"/>
  <system-out/>
</testsuite> <!-- net.assuresign.scenario_3.Scenario_3_2 -->
