<?xml version="1.0" encoding="UTF-8"?>
<!-- Generated by org.testng.reporters.JUnitReportReporter -->
<testsuite hostname="tussar-PC" failures="0" tests="3" name="net.assuresign.scenario_3.Scenario_3_4" time="84.005" errors="0" timestamp="2021-04-15T10:50:59 IST" skipped="0">
  <testcase classname="net.assuresign.scenario_3.Scenario_3_4" name="submit_HybridCallDifferentFileTypeIncorrect" time="7.220"/>
  <system-out/>
  <testcase classname="net.assuresign.scenario_3.Scenario_3_4" name="submit_DifferentFileType" time="41.608"/>
  <system-out/>
  <testcase classname="net.assuresign.scenario_3.Scenario_3_4" name="submit_HybridCallDifferentFileType" time="35.177"/>
  <system-out/>
</testsuite> <!-- net.assuresign.scenario_3.Scenario_3_4 -->
