<?xml version="1.0" encoding="UTF-8"?>
<!-- Generated by org.testng.reporters.JUnitReportReporter -->
<testsuite hostname="tussar-PC" failures="0" tests="1" name="net.assuresign.scenario_8.Scenario_8" time="10.495" errors="0" timestamp="2021-05-27T15:43:50 IST" skipped="0">
  <testcase classname="net.assuresign.scenario_8.Scenario_8" name="getEnvelope_ForInvalidEnvelopes" time="10.495"/>
  <system-out/>
</testsuite> <!-- net.assuresign.scenario_8.Scenario_8 -->
