<?xml version="1.0" encoding="UTF-8"?>
<!-- Generated by org.testng.reporters.JUnitReportReporter -->
<testsuite hostname="DESKTOP-17LNK85" failures="0" tests="16" name="net.assuresign.scenario_9.Scenario_9" time="76.447" errors="0" timestamp="2021-04-06T16:42:54 IST" skipped="0">
  <testcase classname="net.assuresign.scenario_9.Scenario_9" name="getSSOToken_XASUserContext" time="4.350"/>
  <system-out/>
  <testcase classname="net.assuresign.scenario_9.Scenario_9" name="getSSOToken" time="3.928"/>
  <system-out/>
  <testcase classname="net.assuresign.scenario_9.Scenario_9" name="getSSOToken_XASUserContext" time="4.896"/>
  <system-out/>
  <testcase classname="net.assuresign.scenario_9.Scenario_9" name="getSSOToken" time="4.004"/>
  <system-out/>
  <testcase classname="net.assuresign.scenario_9.Scenario_9" name="getSSOToken_XASUserContext" time="4.800"/>
  <system-out/>
  <testcase classname="net.assuresign.scenario_9.Scenario_9" name="getSSOToken" time="4.720"/>
  <system-out/>
  <testcase classname="net.assuresign.scenario_9.Scenario_9" name="getSSOToken" time="4.476"/>
  <system-out/>
  <testcase classname="net.assuresign.scenario_9.Scenario_9" name="getSSOToken" time="4.875"/>
  <system-out/>
  <testcase classname="net.assuresign.scenario_9.Scenario_9" name="getSSOToken" time="8.952"/>
  <system-out/>
  <testcase classname="net.assuresign.scenario_9.Scenario_9" name="getSSOToken_XASUserContext" time="3.585"/>
  <system-out/>
  <testcase classname="net.assuresign.scenario_9.Scenario_9" name="getSSOToken_XASUserContext" time="3.967"/>
  <system-out/>
  <testcase classname="net.assuresign.scenario_9.Scenario_9" name="getSSOToken" time="4.517"/>
  <system-out/>
  <testcase classname="net.assuresign.scenario_9.Scenario_9" name="getSSOToken_XASUserContext" time="4.898"/>
  <system-out/>
  <testcase classname="net.assuresign.scenario_9.Scenario_9" name="getSSOToken" time="4.790"/>
  <system-out/>
  <testcase classname="net.assuresign.scenario_9.Scenario_9" name="getSSOToken_XASUserContext" time="5.735"/>
  <system-out/>
  <testcase classname="net.assuresign.scenario_9.Scenario_9" name="getSSOToken_XASUserContext" time="3.954"/>
  <system-out/>
</testsuite> <!-- net.assuresign.scenario_9.Scenario_9 -->
