<?xml version="1.0" encoding="UTF-8"?>
<!-- Generated by org.testng.reporters.JUnitReportReporter -->
<testsuite hostname="tussar-PC" failures="0" tests="11" name="net.assuresign.scenario_13.Scenario_13" time="173.985" errors="0" timestamp="2021-05-26T05:09:31 IST" skipped="0">
  <testcase classname="net.assuresign.scenario_13.Scenario_13" name="submitPrepare_documents" time="12.076"/>
  <system-out/>
  <testcase classname="net.assuresign.scenario_13.Scenario_13" name="submitPrepare_documentsPwdToOpenFile" time="10.682"/>
  <system-out/>
  <testcase classname="net.assuresign.scenario_13.Scenario_13" name="submitValidate_adhoc400" time="44.366"/>
  <system-out/>
  <testcase classname="net.assuresign.scenario_13.Scenario_13" name="submitPrepare_documentsEmptyID" time="5.568"/>
  <system-out/>
  <testcase classname="net.assuresign.scenario_13.Scenario_13" name="submitPrepare_putCall1" time="11.477"/>
  <system-out/>
  <testcase classname="net.assuresign.scenario_13.Scenario_13" name="submitPrepare_withoutDocName" time="11.031"/>
  <system-out/>
  <testcase classname="net.assuresign.scenario_13.Scenario_13" name="submitPrepare_documentsPwdToEditFile" time="11.070"/>
  <system-out/>
  <testcase classname="net.assuresign.scenario_13.Scenario_13" name="submitValidate_ssTemplate" time="6.730"/>
  <system-out/>
  <testcase classname="net.assuresign.scenario_13.Scenario_13" name="submitValidate_hybridCall" time="7.893"/>
  <system-out/>
  <testcase classname="net.assuresign.scenario_13.Scenario_13" name="submitValidate_Adhoc" time="47.065"/>
  <system-out/>
  <testcase classname="net.assuresign.scenario_13.Scenario_13" name="submitPrepare_documentsInvalidID" time="6.027"/>
  <system-out/>
</testsuite> <!-- net.assuresign.scenario_13.Scenario_13 -->
