<?xml version="1.0" encoding="UTF-8"?>
<!-- Generated by org.testng.reporters.JUnitReportReporter -->
<testsuite hostname="tussar-PC" failures="0" tests="3" name="net.assuresign.scenario_11.Scenario_11" time="18.117" errors="0" timestamp="2021-04-12T11:37:01 IST" skipped="0">
  <testcase classname="net.assuresign.scenario_11.Scenario_11" name="environments_validUsername" time="4.473"/>
  <system-out/>
  <testcase classname="net.assuresign.scenario_11.Scenario_11" name="environments_EmptyUsername" time="8.978"/>
  <system-out/>
  <testcase classname="net.assuresign.scenario_11.Scenario_11" name="environments_InvalidUsername" time="4.666"/>
  <system-out/>
</testsuite> <!-- net.assuresign.scenario_11.Scenario_11 -->
