<?xml version="1.0" encoding="UTF-8"?>
<!-- Generated by org.testng.reporters.JUnitReportReporter -->
<testsuite hostname="tussar-PC" failures="0" tests="13" name="net.assuresign.scenario_10.Scenario_10" time="71.684" errors="0" timestamp="2021-04-15T10:50:59 IST" skipped="0">
  <testcase classname="net.assuresign.scenario_10.Scenario_10" name="apiUser_withoutEnvironment" time="6.745"/>
  <system-out/>
  <testcase classname="net.assuresign.scenario_10.Scenario_10" name="apiUser_noExpDate" time="5.239"/>
  <system-out/>
  <testcase classname="net.assuresign.scenario_10.Scenario_10" name="apiUser_noBaseUserName" time="5.425"/>
  <system-out/>
  <testcase classname="net.assuresign.scenario_10.Scenario_10" name="apiUser_validRequestSpecificEnv" time="5.395"/>
  <system-out/>
  <testcase classname="net.assuresign.scenario_10.Scenario_10" name="apiUser_organizationScopes" time="4.479"/>
  <system-out/>
  <testcase classname="net.assuresign.scenario_10.Scenario_10" name="apiUser_invalidRequest" time="5.096"/>
  <system-out/>
  <testcase classname="net.assuresign.scenario_10.Scenario_10" name="apiUser_invalidScope" time="4.807"/>
  <system-out/>
  <testcase classname="net.assuresign.scenario_10.Scenario_10" name="apiUser_noScope" time="6.728"/>
  <system-out/>
  <testcase classname="net.assuresign.scenario_10.Scenario_10" name="apiUser_noValueBaseUserName" time="5.807"/>
  <system-out/>
  <testcase classname="net.assuresign.scenario_10.Scenario_10" name="apiUser_invalidEnvironment" time="5.804"/>
  <system-out/>
  <testcase classname="net.assuresign.scenario_10.Scenario_10" name="apiUser_noRequest" time="5.635"/>
  <system-out/>
  <testcase classname="net.assuresign.scenario_10.Scenario_10" name="apiUser_validRequest" time="5.178"/>
  <system-out/>
  <testcase classname="net.assuresign.scenario_10.Scenario_10" name="apiUser_noSpecificUser" time="5.346"/>
  <system-out/>
</testsuite> <!-- net.assuresign.scenario_10.Scenario_10 -->
