<?xml version="1.0" encoding="UTF-8"?>
<!-- Generated by org.testng.reporters.JUnitReportReporter -->
<testsuite hostname="tussar-PC" failures="0" tests="3" name="net.assuresign.scenario_3.Scenario_3_4" time="158.155" errors="0" timestamp="2021-05-27T14:12:34 IST" skipped="0">
  <testcase classname="net.assuresign.scenario_3.Scenario_3_4" name="submit_DifferentFileType" time="120.861"/>
  <system-out/>
  <testcase classname="net.assuresign.scenario_3.Scenario_3_4" name="submit_HybridCallDifferentFileType_SSTemplate" time="8.644"/>
  <system-out/>
  <testcase classname="net.assuresign.scenario_3.Scenario_3_4" name="submit_HybridCallDifferentFileType" time="28.650"/>
  <system-out/>
</testsuite> <!-- net.assuresign.scenario_3.Scenario_3_4 -->
