<?xml version="1.0" encoding="UTF-8"?>
<!-- Generated by org.testng.reporters.JUnitReportReporter -->
<testsuite hostname="tussar-PC" failures="0" tests="2" name="net.assuresign.scenario_4.Scenario_4_6" time="211.781" errors="0" timestamp="2021-04-14T07:49:43 IST" skipped="0">
  <testcase classname="net.assuresign.scenario_4.Scenario_4_6" name="submitPrepare_WithPwdToOpenFile" time="104.809"/>
  <system-out/>
  <testcase classname="net.assuresign.scenario_4.Scenario_4_6" name="submitPrepare_WithPwdToEditFile" time="106.972"/>
  <system-out/>
</testsuite> <!-- net.assuresign.scenario_4.Scenario_4_6 -->
