<?xml version="1.0" encoding="UTF-8"?>
<!-- Generated by org.testng.reporters.JUnitReportReporter -->
<testsuite hostname="tussar-PC" failures="0" tests="2" name="net.assuresign.scenario_4.Scenario_4_8" time="89.486" errors="0" timestamp="2021-04-14T16:09:31 IST" skipped="0">
  <testcase classname="net.assuresign.scenario_4.Scenario_4_8" name="submitPrepare_WithLargeFile" time="39.930"/>
  <system-out/>
  <testcase classname="net.assuresign.scenario_4.Scenario_4_8" name="submit_WithLargeFile" time="49.556"/>
  <system-out/>
</testsuite> <!-- net.assuresign.scenario_4.Scenario_4_8 -->
