<?xml version="1.0" encoding="UTF-8"?>
<!-- Generated by org.testng.reporters.JUnitReportReporter -->
<<<<<<< HEAD
<testsuite hostname="tussar-PC" failures="0" tests="2" name="net.assuresign.scenario_4.Scenario_4_8" time="123.194" errors="0" timestamp="2021-04-14T11:12:53 IST" skipped="0">
  <testcase classname="net.assuresign.scenario_4.Scenario_4_8" name="submitPrepare_WithLargeFile" time="40.959"/>
  <system-out/>
  <testcase classname="net.assuresign.scenario_4.Scenario_4_8" name="submit_WithLargeFile" time="82.235"/>
=======
<testsuite hostname="tussar-PC" failures="0" tests="2" name="net.assuresign.scenario_4.Scenario_4_8" time="123.300" errors="0" timestamp="2021-04-15T10:50:59 IST" skipped="0">
  <testcase classname="net.assuresign.scenario_4.Scenario_4_8" name="submitPrepare_WithLargeFile" time="62.662"/>
  <system-out/>
  <testcase classname="net.assuresign.scenario_4.Scenario_4_8" name="submit_WithLargeFile" time="60.638"/>
>>>>>>> master
  <system-out/>
</testsuite> <!-- net.assuresign.scenario_4.Scenario_4_8 -->
