<?xml version="1.0" encoding="UTF-8"?>
<!-- Generated by org.testng.reporters.JUnitReportReporter -->
<<<<<<< HEAD
<testsuite hostname="tussar-PC" failures="0" tests="2" name="net.assuresign.scenario_3.Scenario_3_3" time="454.784" errors="0" timestamp="2021-04-14T10:51:58 IST" skipped="0">
  <testcase classname="net.assuresign.scenario_3.Scenario_3_3" name="submit_SSTemplateLargeFile" time="45.277"/>
  <system-out/>
  <testcase classname="net.assuresign.scenario_3.Scenario_3_3" name="submit_LargeFile" time="409.507"/>
=======
<testsuite hostname="tussar-PC" failures="0" tests="2" name="net.assuresign.scenario_3.Scenario_3_3" time="76.145" errors="0" timestamp="2021-04-15T10:50:59 IST" skipped="0">
  <testcase classname="net.assuresign.scenario_3.Scenario_3_3" name="submit_LargeFile" time="56.693"/>
  <system-out/>
  <testcase classname="net.assuresign.scenario_3.Scenario_3_3" name="submit_SSTemplateLargeFile" time="19.452"/>
>>>>>>> master
  <system-out/>
</testsuite> <!-- net.assuresign.scenario_3.Scenario_3_3 -->
