<?xml version="1.0" encoding="UTF-8"?>
<!-- Generated by org.testng.reporters.JUnitReportReporter -->
<<<<<<< HEAD
<testsuite hostname="tussar-PC" failures="0" tests="2" name="net.assuresign.scenario_4.Scenario_4_9" time="17.377" errors="0" timestamp="2021-04-14T11:12:53 IST" skipped="1">
  <testcase classname="net.assuresign.scenario_4.Scenario_4_9" name="submitPrepare_DynamicJotBlockParsing" time="17.377"/>
=======
<testsuite hostname="tussar-PC" failures="0" tests="2" name="net.assuresign.scenario_4.Scenario_4_9" time="79.545" errors="0" timestamp="2021-04-20T12:07:31 IST" skipped="0">
  <testcase classname="net.assuresign.scenario_4.Scenario_4_9" name="submitPrepare_DynamicJotBlockParsing" time="36.208"/>
>>>>>>> master
  <system-out/>
  <testcase classname="net.assuresign.scenario_4.Scenario_4_9" name="submit_DynamicJotBlockParsing" time="43.337"/>
  <system-out/>
</testsuite> <!-- net.assuresign.scenario_4.Scenario_4_9 -->
