<?xml version="1.0" encoding="UTF-8"?>
<!-- Generated by org.testng.reporters.JUnitReportReporter -->
<testsuite hostname="tussar-PC" failures="0" tests="8" name="net.assuresign.scenario_4.Scenario_4_5" time="347.735" errors="0" timestamp="2021-05-08T23:39:55 IST" skipped="0">
  <testcase classname="net.assuresign.scenario_4.Scenario_4_5" name="submitPrepare_WithMissingDocumentName" time="56.453"/>
  <system-out/>
  <testcase classname="net.assuresign.scenario_4.Scenario_4_5" name="submit_WithMissingDocumentName" time="60.248"/>
  <system-out/>
  <testcase classname="net.assuresign.scenario_4.Scenario_4_5" name="submitPrepare_WithMissingDocumentName" time="10.860"/>
  <system-out/>
  <testcase classname="net.assuresign.scenario_4.Scenario_4_5" name="submit_WithMissingDocumentName" time="58.718"/>
  <system-out/>
  <testcase classname="net.assuresign.scenario_4.Scenario_4_5" name="submit_WithMissingDocumentName" time="11.089"/>
  <system-out/>
  <testcase classname="net.assuresign.scenario_4.Scenario_4_5" name="submitPrepare_WithMissingDocumentName" time="58.860"/>
  <system-out/>
  <testcase classname="net.assuresign.scenario_4.Scenario_4_5" name="submitPrepare_WithMissingDocumentName" time="45.115"/>
  <system-out/>
  <testcase classname="net.assuresign.scenario_4.Scenario_4_5" name="submit_WithMissingDocumentName" time="46.392"/>
  <system-out/>
</testsuite> <!-- net.assuresign.scenario_4.Scenario_4_5 -->
