<?xml version="1.0" encoding="UTF-8"?>
<!-- Generated by org.testng.reporters.JUnitReportReporter -->
<<<<<<< HEAD
<testsuite hostname="tussar-PC" failures="0" tests="2" name="net.assuresign.scenario_3.Scenario_3_9" time="31.617" errors="0" timestamp="2021-04-14T10:51:58 IST" skipped="0">
  <testcase classname="net.assuresign.scenario_3.Scenario_3_9" name="submit_Doc128Char" time="25.941"/>
  <system-out/>
  <testcase classname="net.assuresign.scenario_3.Scenario_3_9" name="submit_SSTemplate128Char" time="5.676"/>
=======
<testsuite hostname="tussar-PC" failures="0" tests="2" name="net.assuresign.scenario_3.Scenario_3_9" time="15.495" errors="0" timestamp="2021-04-15T10:50:59 IST" skipped="0">
  <testcase classname="net.assuresign.scenario_3.Scenario_3_9" name="submit_SSTemplate128Char" time="6.389"/>
  <system-out/>
  <testcase classname="net.assuresign.scenario_3.Scenario_3_9" name="submit_Doc128Char" time="9.106"/>
>>>>>>> master
  <system-out/>
</testsuite> <!-- net.assuresign.scenario_3.Scenario_3_9 -->
