<?xml version="1.0" encoding="UTF-8"?>
<!-- Generated by org.testng.reporters.JUnitReportReporter -->
<testsuite hostname="tussar-PC" failures="0" tests="2" name="net.assuresign.scenario_4.Scenario_4_3" time="63.351" errors="0" timestamp="2021-04-15T10:50:59 IST" skipped="0">
  <testcase classname="net.assuresign.scenario_4.Scenario_4_3" name="submitPrepare_WithDifferentFileType" time="24.627"/>
  <system-out/>
  <testcase classname="net.assuresign.scenario_4.Scenario_4_3" name="submit_WithDifferentFileType" time="38.724"/>
  <system-out/>
</testsuite> <!-- net.assuresign.scenario_4.Scenario_4_3 -->
