<?xml version="1.0" encoding="UTF-8"?>
<!-- Generated by org.testng.reporters.JUnitReportReporter -->
<testsuite hostname="tussar-PC" failures="0" tests="2" name="net.assuresign.scenario_4.Scenario_4_5" time="30.196" errors="0" timestamp="2021-04-15T10:50:59 IST" skipped="0">
  <testcase classname="net.assuresign.scenario_4.Scenario_4_5" name="submitPrepare_WithMissingDocumentName" time="15.464"/>
  <system-out/>
  <testcase classname="net.assuresign.scenario_4.Scenario_4_5" name="submit_WithMissingDocumentName" time="14.732"/>
  <system-out/>
</testsuite> <!-- net.assuresign.scenario_4.Scenario_4_5 -->
