<?xml version="1.0" encoding="UTF-8"?>
<!-- Generated by org.testng.reporters.JUnitReportReporter -->
<testsuite hostname="tussar-PC" failures="0" tests="2" name="net.assuresign.scenario_4.Scenario_4_5" time="34.693" errors="0" timestamp="2021-05-25T11:03:14 IST" skipped="0">
  <testcase classname="net.assuresign.scenario_4.Scenario_4_5" name="submit_WithMissingDocumentName" time="16.879"/>
  <system-out/>
  <testcase classname="net.assuresign.scenario_4.Scenario_4_5" name="submitPrepare_WithMissingDocumentName" time="17.814"/>
  <system-out/>
</testsuite> <!-- net.assuresign.scenario_4.Scenario_4_5 -->
