<?xml version="1.0" encoding="UTF-8"?>
<!-- Generated by org.testng.reporters.JUnitReportReporter -->
<testsuite hostname="tussar-PC" failures="0" tests="1" name="net.assuresign.scenario_3.Scenario_3_8" time="0.015" errors="0" timestamp="2021-04-14T10:22:18 IST" skipped="0">
  <testcase classname="net.assuresign.scenario_3.Scenario_3_8" name="sessionTokenDeprecated_44009" time="0.015"/>
  <system-out/>
</testsuite> <!-- net.assuresign.scenario_3.Scenario_3_8 -->
