<?xml version="1.0" encoding="UTF-8"?>
<!-- Generated by org.testng.reporters.JUnitReportReporter -->
<testsuite hostname="tussar-PC" failures="0" tests="2" name="net.assuresign.scenario_4.Scenario_4_4" time="49.102" errors="0" timestamp="2021-04-15T10:50:59 IST" skipped="0">
  <testcase classname="net.assuresign.scenario_4.Scenario_4_4" name="submitPrepare_WithSignerPassword" time="25.360"/>
  <system-out/>
  <testcase classname="net.assuresign.scenario_4.Scenario_4_4" name="submit_WithSignerPassword" time="23.742"/>
  <system-out/>
</testsuite> <!-- net.assuresign.scenario_4.Scenario_4_4 -->
