<?xml version="1.0" encoding="UTF-8"?>
<!-- Generated by org.testng.reporters.JUnitReportReporter -->
<testsuite hostname="DESKTOP-17LNK85" failures="0" tests="24" name="net.assuresign.scenario_11.Scenario_11" time="105.326" errors="0" timestamp="2021-04-06T16:48:29 IST" skipped="0">
  <testcase classname="net.assuresign.scenario_11.Scenario_11" name="environments_validUsername" time="4.495"/>
  <system-out/>
  <testcase classname="net.assuresign.scenario_11.Scenario_11" name="environments_EmptyUsername" time="3.956"/>
  <system-out/>
  <testcase classname="net.assuresign.scenario_11.Scenario_11" name="environments_EmptyUsername" time="4.748"/>
  <system-out/>
  <testcase classname="net.assuresign.scenario_11.Scenario_11" name="environments_validUsername" time="4.356"/>
  <system-out/>
  <testcase classname="net.assuresign.scenario_11.Scenario_11" name="environments_InvalidUsername" time="4.458"/>
  <system-out/>
  <testcase classname="net.assuresign.scenario_11.Scenario_11" name="environments_validUsername" time="4.204"/>
  <system-out/>
  <testcase classname="net.assuresign.scenario_11.Scenario_11" name="environments_InvalidUsername" time="4.452"/>
  <system-out/>
  <testcase classname="net.assuresign.scenario_11.Scenario_11" name="environments_EmptyUsername" time="4.486"/>
  <system-out/>
  <testcase classname="net.assuresign.scenario_11.Scenario_11" name="environments_EmptyUsername" time="4.734"/>
  <system-out/>
  <testcase classname="net.assuresign.scenario_11.Scenario_11" name="environments_EmptyUsername" time="6.503"/>
  <system-out/>
  <testcase classname="net.assuresign.scenario_11.Scenario_11" name="environments_validUsername" time="3.820"/>
  <system-out/>
  <testcase classname="net.assuresign.scenario_11.Scenario_11" name="environments_InvalidUsername" time="4.829"/>
  <system-out/>
  <testcase classname="net.assuresign.scenario_11.Scenario_11" name="environments_InvalidUsername" time="4.458"/>
  <system-out/>
  <testcase classname="net.assuresign.scenario_11.Scenario_11" name="environments_InvalidUsername" time="3.569"/>
  <system-out/>
  <testcase classname="net.assuresign.scenario_11.Scenario_11" name="environments_EmptyUsername" time="3.827"/>
  <system-out/>
  <testcase classname="net.assuresign.scenario_11.Scenario_11" name="environments_validUsername" time="3.875"/>
  <system-out/>
  <testcase classname="net.assuresign.scenario_11.Scenario_11" name="environments_validUsername" time="4.493"/>
  <system-out/>
  <testcase classname="net.assuresign.scenario_11.Scenario_11" name="environments_validUsername" time="3.941"/>
  <system-out/>
  <testcase classname="net.assuresign.scenario_11.Scenario_11" name="environments_InvalidUsername" time="4.150"/>
  <system-out/>
  <testcase classname="net.assuresign.scenario_11.Scenario_11" name="environments_InvalidUsername" time="5.078"/>
  <system-out/>
  <testcase classname="net.assuresign.scenario_11.Scenario_11" name="environments_validUsername" time="3.876"/>
  <system-out/>
  <testcase classname="net.assuresign.scenario_11.Scenario_11" name="environments_InvalidUsername" time="4.460"/>
  <system-out/>
  <testcase classname="net.assuresign.scenario_11.Scenario_11" name="environments_EmptyUsername" time="3.858"/>
  <system-out/>
  <testcase classname="net.assuresign.scenario_11.Scenario_11" name="environments_EmptyUsername" time="4.700"/>
  <system-out/>
</testsuite> <!-- net.assuresign.scenario_11.Scenario_11 -->
