<?xml version="1.0" encoding="UTF-8"?>
<!-- Generated by org.testng.reporters.JUnitReportReporter -->
<testsuite hostname="tussar-PC" failures="0" tests="1" name="net.assuresign.scenario_6.Scenario_6" time="9.413" errors="0" timestamp="2021-05-27T15:25:16 IST" skipped="0">
  <testcase classname="net.assuresign.scenario_6.Scenario_6" name="retriveNotification_EmptyCulture" time="9.413"/>
  <system-out/>
</testsuite> <!-- net.assuresign.scenario_6.Scenario_6 -->
