<?xml version="1.0" encoding="UTF-8"?>
<!-- Generated by org.testng.reporters.JUnitReportReporter -->
<testsuite hostname="tussar-PC" failures="0" tests="10" name="net.assuresign.scenario_4.Scenario_4_15" time="121.008" errors="0" timestamp="2021-04-14T16:09:31 IST" skipped="0">
  <testcase classname="net.assuresign.scenario_4.Scenario_4_15" name="getPreparedEnvelopedID_DocMoreThen128Char" time="8.548"/>
  <system-out/>
  <testcase classname="net.assuresign.scenario_4.Scenario_4_15" name="submitPrepare_FileToUploadEmptyString" time="15.198"/>
  <system-out/>
  <testcase classname="net.assuresign.scenario_4.Scenario_4_15" name="submitPrepare_WithoutBase64File" time="13.912"/>
  <system-out/>
  <testcase classname="net.assuresign.scenario_4.Scenario_4_15" name="submitPrepare_DocMoreThen128Char" time="12.662"/>
  <system-out/>
  <testcase classname="net.assuresign.scenario_4.Scenario_4_15" name="getPreparedEnvelopedID_InvalidFileName" time="15.927"/>
  <system-out/>
  <testcase classname="net.assuresign.scenario_4.Scenario_4_15" name="getPreparedEnvelopedID_FileToUploadEmptyString" time="10.688"/>
  <system-out/>
  <testcase classname="net.assuresign.scenario_4.Scenario_4_15" name="submitPrepare_FileToUploadNull" time="12.714"/>
  <system-out/>
  <testcase classname="net.assuresign.scenario_4.Scenario_4_15" name="getPreparedEnvelopedID_FileToUploadNull" time="10.522"/>
  <system-out/>
  <testcase classname="net.assuresign.scenario_4.Scenario_4_15" name="getPreparedEnvelopedID_InvalidFileValue" time="10.487"/>
  <system-out/>
  <testcase classname="net.assuresign.scenario_4.Scenario_4_15" name="getPreparedEnvelopedID_WithoutBase64File" time="10.350"/>
  <system-out/>
</testsuite> <!-- net.assuresign.scenario_4.Scenario_4_15 -->
