<?xml version="1.0" encoding="UTF-8"?>
<!-- Generated by org.testng.reporters.JUnitReportReporter -->
<testsuite hostname="tussar-PC" failures="0" tests="2" name="net.assuresign.scenario_3.Scenario_3_8" time="15.458" errors="0" timestamp="2021-04-15T10:50:59 IST" skipped="0">
  <testcase classname="net.assuresign.scenario_3.Scenario_3_8" name="submitHybridCallDeprecated" time="12.984"/>
  <system-out/>
  <testcase classname="net.assuresign.scenario_3.Scenario_3_8" name="sessionTokenDeprecated_44009" time="2.474"/>
  <system-out/>
</testsuite> <!-- net.assuresign.scenario_3.Scenario_3_8 -->
