<?xml version="1.0" encoding="UTF-8"?>
<!-- Generated by org.testng.reporters.JUnitReportReporter -->
<testsuite hostname="tussar-PC" failures="0" tests="10" name="net.assuresign.scenario_4.Scenario_4_15" time="237.321" errors="0" timestamp="2021-04-15T10:50:59 IST" skipped="0">
  <testcase classname="net.assuresign.scenario_4.Scenario_4_15" name="submitPrepare_DocMoreThen128Char" time="27.191"/>
  <system-out/>
  <testcase classname="net.assuresign.scenario_4.Scenario_4_15" name="getPreparedEnvelopedID_InvalidFileValue" time="11.854"/>
  <system-out/>
  <testcase classname="net.assuresign.scenario_4.Scenario_4_15" name="submitPrepare_FileToUploadNull" time="16.084"/>
  <system-out/>
  <testcase classname="net.assuresign.scenario_4.Scenario_4_15" name="getPreparedEnvelopedID_InvalidFileName" time="43.392"/>
  <system-out/>
  <testcase classname="net.assuresign.scenario_4.Scenario_4_15" name="getPreparedEnvelopedID_FileToUploadEmptyString" time="10.982"/>
  <system-out/>
  <testcase classname="net.assuresign.scenario_4.Scenario_4_15" name="getPreparedEnvelopedID_FileToUploadNull" time="49.837"/>
  <system-out/>
  <testcase classname="net.assuresign.scenario_4.Scenario_4_15" name="getPreparedEnvelopedID_WithoutBase64File" time="40.357"/>
  <system-out/>
  <testcase classname="net.assuresign.scenario_4.Scenario_4_15" name="submitPrepare_WithoutBase64File" time="13.997"/>
  <system-out/>
  <testcase classname="net.assuresign.scenario_4.Scenario_4_15" name="getPreparedEnvelopedID_DocMoreThen128Char" time="9.163"/>
  <system-out/>
  <testcase classname="net.assuresign.scenario_4.Scenario_4_15" name="submitPrepare_FileToUploadEmptyString" time="14.464"/>
  <system-out/>
</testsuite> <!-- net.assuresign.scenario_4.Scenario_4_15 -->
