<?xml version="1.0" encoding="UTF-8"?>
<!-- Generated by org.testng.reporters.JUnitReportReporter -->
<testsuite hostname="tussar-PC" failures="0" tests="2" name="net.assuresign.scenario_4.Scenario_4_9" time="15.077" errors="0" timestamp="2021-04-14T16:09:31 IST" skipped="1">
  <testcase classname="net.assuresign.scenario_4.Scenario_4_9" name="submitPrepare_DynamicJotBlockParsing" time="15.077"/>
  <system-out/>
  <testcase classname="net.assuresign.scenario_4.Scenario_4_9" name="submit_DynamicJotBlockParsing">
    <skipped/>
  </testcase> <!-- submit_DynamicJotBlockParsing -->
  <system-out/>
</testsuite> <!-- net.assuresign.scenario_4.Scenario_4_9 -->
