<?xml version="1.0" encoding="UTF-8"?>
<!-- Generated by org.testng.reporters.JUnitReportReporter -->
<testsuite hostname="tussar-PC" failures="0" tests="1" name="net.assuresign.scenario_4.Scenario_4_7" time="32.128" errors="0" timestamp="2021-04-12T10:34:11 IST" skipped="0">
  <testcase classname="net.assuresign.scenario_4.Scenario_4_7" name="submitPrepare_enUSSMS2FactorAuth" time="32.128"/>
  <system-out/>
</testsuite> <!-- net.assuresign.scenario_4.Scenario_4_7 -->
