<?xml version="1.0" encoding="UTF-8"?>
<!-- Generated by org.testng.reporters.JUnitReportReporter -->
<testsuite hostname="tussar-PC" failures="0" tests="13" name="net.assuresign.scenario_10.Scenario_10" time="70.391" errors="0" timestamp="2021-04-20T13:57:18 IST" skipped="0">
  <testcase classname="net.assuresign.scenario_10.Scenario_10" name="apiUser_noScope" time="6.361"/>
  <system-out/>
  <testcase classname="net.assuresign.scenario_10.Scenario_10" name="apiUser_noRequest" time="4.288"/>
  <system-out/>
  <testcase classname="net.assuresign.scenario_10.Scenario_10" name="apiUser_noValueBaseUserName" time="5.114"/>
  <system-out/>
  <testcase classname="net.assuresign.scenario_10.Scenario_10" name="apiUser_withoutEnvironment" time="4.789"/>
  <system-out/>
  <testcase classname="net.assuresign.scenario_10.Scenario_10" name="apiUser_invalidEnvironment" time="8.091"/>
  <system-out/>
  <testcase classname="net.assuresign.scenario_10.Scenario_10" name="apiUser_invalidRequest" time="5.687"/>
  <system-out/>
  <testcase classname="net.assuresign.scenario_10.Scenario_10" name="apiUser_noBaseUserName" time="4.046"/>
  <system-out/>
  <testcase classname="net.assuresign.scenario_10.Scenario_10" name="apiUser_validRequestSpecificEnv" time="5.126"/>
  <system-out/>
  <testcase classname="net.assuresign.scenario_10.Scenario_10" name="apiUser_noExpDate" time="5.791"/>
  <system-out/>
  <testcase classname="net.assuresign.scenario_10.Scenario_10" name="apiUser_validRequest" time="5.755"/>
  <system-out/>
  <testcase classname="net.assuresign.scenario_10.Scenario_10" name="apiUser_noSpecificUser" time="5.762"/>
  <system-out/>
  <testcase classname="net.assuresign.scenario_10.Scenario_10" name="apiUser_organizationScopes" time="5.441"/>
  <system-out/>
  <testcase classname="net.assuresign.scenario_10.Scenario_10" name="apiUser_invalidScope" time="4.140"/>
  <system-out/>
</testsuite> <!-- net.assuresign.scenario_10.Scenario_10 -->
