<?xml version="1.0" encoding="UTF-8"?>
<!-- Generated by org.testng.reporters.JUnitReportReporter -->
<testsuite hostname="tussar-PC" failures="0" tests="3" name="net.assuresign.scenario_3.Scenario_3_10" time="16.264" errors="0" timestamp="2021-04-14T16:09:31 IST" skipped="0">
  <testcase classname="net.assuresign.scenario_3.Scenario_3_10" name="submit_missingDocName" time="5.812"/>
  <system-out/>
  <testcase classname="net.assuresign.scenario_3.Scenario_3_10" name="submit_HybridCallMissingDocName" time="5.411"/>
  <system-out/>
  <testcase classname="net.assuresign.scenario_3.Scenario_3_10" name="submitSSTemplate_EmptyDocName" time="5.041"/>
  <system-out/>
</testsuite> <!-- net.assuresign.scenario_3.Scenario_3_10 -->
