<?xml version="1.0" encoding="UTF-8"?>
<!-- Generated by org.testng.reporters.JUnitReportReporter -->
<testsuite hostname="tussar-PC" failures="0" tests="6" name="net.assuresign.scenario_1.TokenBearer_Incorrect" time="15.381" errors="0" timestamp="2021-04-16T15:41:20 IST" skipped="0">
  <testcase classname="net.assuresign.scenario_1.TokenBearer_Incorrect" name="tokenBearer_incorrectJson" time="5.832"/>
  <system-out/>
  <testcase classname="net.assuresign.scenario_1.TokenBearer_Incorrect" name="tokenBearer_withoutApiKey" time="1.955"/>
  <system-out/>
  <testcase classname="net.assuresign.scenario_1.TokenBearer_Incorrect" name="tokenBearer_invalidApiKey" time="2.156"/>
  <system-out/>
  <testcase classname="net.assuresign.scenario_1.TokenBearer_Incorrect" name="tokenBearer_withoutContextUsername" time="1.641"/>
  <system-out/>
  <testcase classname="net.assuresign.scenario_1.TokenBearer_Incorrect" name="tokenBearer_withoutApiUsername" time="1.796"/>
  <system-out/>
  <testcase classname="net.assuresign.scenario_1.TokenBearer_Incorrect" name="tokenBearer_withoutSessionLength" time="2.001"/>
  <system-out/>
</testsuite> <!-- net.assuresign.scenario_1.TokenBearer_Incorrect -->
