<?xml version="1.0" encoding="UTF-8"?>
<!-- Generated by org.testng.reporters.JUnitReportReporter -->
<testsuite hostname="DESKTOP-1AVQ4LH" failures="0" tests="8" name="net.assuresign.scenario_8.Scenario_8" time="55.525" errors="0" timestamp="2021-06-11T09:20:54 IST" skipped="0">
  <testcase classname="net.assuresign.scenario_8.Scenario_8" name="getEnvelope_EmptyEnvelopID" time="7.332"/>
  <system-out/>
  <testcase classname="net.assuresign.scenario_8.Scenario_8" name="getEnvelope_EmptyEnvelopID" time="5.786"/>
  <system-out/>
  <testcase classname="net.assuresign.scenario_8.Scenario_8" name="getEnvelope_EmptyEnvelopID" time="7.751"/>
  <system-out/>
  <testcase classname="net.assuresign.scenario_8.Scenario_8" name="getEnvelope_EmptyEnvelopID" time="4.710"/>
  <system-out/>
  <testcase classname="net.assuresign.scenario_8.Scenario_8" name="getEnvelope_EmptyEnvelopID" time="10.240"/>
  <system-out/>
  <testcase classname="net.assuresign.scenario_8.Scenario_8" name="getEnvelope_EmptyEnvelopID" time="6.619"/>
  <system-out/>
  <testcase classname="net.assuresign.scenario_8.Scenario_8" name="getEnvelope_EmptyEnvelopID" time="7.263"/>
  <system-out/>
  <testcase classname="net.assuresign.scenario_8.Scenario_8" name="getEnvelope_EmptyEnvelopID" time="5.824"/>
  <system-out/>
</testsuite> <!-- net.assuresign.scenario_8.Scenario_8 -->
