<?xml version="1.0" encoding="UTF-8"?>
<!-- Generated by org.testng.reporters.JUnitReportReporter -->
<testsuite hostname="tussar-PC" failures="0" tests="11" name="net.assuresign.scenario_13.Scenario_13" time="219.512" errors="0" timestamp="2021-04-20T13:57:18 IST" skipped="0">
  <testcase classname="net.assuresign.scenario_13.Scenario_13" name="submitValidate_ssTemplate" time="6.982"/>
  <system-out/>
  <testcase classname="net.assuresign.scenario_13.Scenario_13" name="submitPrepare_documents" time="11.530"/>
  <system-out/>
  <testcase classname="net.assuresign.scenario_13.Scenario_13" name="submitPrepare_withoutDocName" time="10.244"/>
  <system-out/>
  <testcase classname="net.assuresign.scenario_13.Scenario_13" name="submitPrepare_documentsPwdToOpenFile" time="9.669"/>
  <system-out/>
  <testcase classname="net.assuresign.scenario_13.Scenario_13" name="submitValidate_hybridCall" time="7.417"/>
  <system-out/>
  <testcase classname="net.assuresign.scenario_13.Scenario_13" name="submitPrepare_documentsPwdToEditFile" time="9.527"/>
  <system-out/>
  <testcase classname="net.assuresign.scenario_13.Scenario_13" name="submitValidate_adhoc400" time="10.870"/>
  <system-out/>
  <testcase classname="net.assuresign.scenario_13.Scenario_13" name="submitPrepare_documentsEmptyID" time="5.437"/>
  <system-out/>
  <testcase classname="net.assuresign.scenario_13.Scenario_13" name="submitPrepare_putCall1" time="11.464"/>
  <system-out/>
  <testcase classname="net.assuresign.scenario_13.Scenario_13" name="submitPrepare_documentsInvalidID" time="5.506"/>
  <system-out/>
  <testcase classname="net.assuresign.scenario_13.Scenario_13" name="submitValidate_Adhoc" time="130.866"/>
  <system-out/>
</testsuite> <!-- net.assuresign.scenario_13.Scenario_13 -->
