<?xml version="1.0" encoding="UTF-8"?>
<!-- Generated by org.testng.reporters.JUnitReportReporter -->
<testsuite hostname="tussar-PC" failures="0" tests="2" name="net.assuresign.scenario_3.Scenario_3_9" time="20.278" errors="0" timestamp="2021-04-12T09:08:33 IST" skipped="0">
  <testcase classname="net.assuresign.scenario_3.Scenario_3_9" name="submit_Doc128Char" time="14.049"/>
  <system-out/>
  <testcase classname="net.assuresign.scenario_3.Scenario_3_9" name="submit_SSTemplate128Char" time="6.229"/>
  <system-out/>
</testsuite> <!-- net.assuresign.scenario_3.Scenario_3_9 -->
