<?xml version="1.0" encoding="UTF-8"?>
<!-- Generated by org.testng.reporters.JUnitReportReporter -->
<testsuite hostname="tussar-PC" failures="0" tests="3" name="net.assuresign.scenario_4.Scenario_4_1" time="99.045" errors="0" timestamp="2021-04-12T09:30:13 IST" skipped="1">
  <testcase classname="net.assuresign.scenario_4.Scenario_4_1" name="submitPrepare" time="84.920"/>
  <system-out/>
  <testcase classname="net.assuresign.scenario_4.Scenario_4_1" name="submitPrepare_SpecifiedSchema" time="14.125"/>
  <system-out/>
  <testcase classname="net.assuresign.scenario_4.Scenario_4_1" name="submit_withNoTempletPermission">
    <skipped/>
  </testcase> <!-- submit_withNoTempletPermission -->
  <system-out/>
</testsuite> <!-- net.assuresign.scenario_4.Scenario_4_1 -->
