<?xml version="1.0" encoding="UTF-8"?>
<!-- Generated by org.testng.reporters.JUnitReportReporter -->
<<<<<<< HEAD
<testsuite hostname="tussar-PC" failures="0" tests="6" name="net.assuresign.scenario_8.Scenario_8_4" time="80.080" errors="0" timestamp="2021-04-14T11:51:30 IST" skipped="0">
  <testcase classname="net.assuresign.scenario_8.Scenario_8_4" name="Signers_invalidEnvelopeID" time="7.357"/>
  <system-out/>
  <testcase classname="net.assuresign.scenario_8.Scenario_8_4" name="Signers_withoutRequestBody" time="17.915"/>
  <system-out/>
  <testcase classname="net.assuresign.scenario_8.Scenario_8_4" name="Signers_CompletedDoc" time="17.657"/>
  <system-out/>
  <testcase classname="net.assuresign.scenario_8.Scenario_8_4" name="Signers_invalidSignerID" time="17.188"/>
  <system-out/>
  <testcase classname="net.assuresign.scenario_8.Scenario_8_4" name="Signers_emptySignerAndEnvelopID" time="4.198"/>
  <system-out/>
  <testcase classname="net.assuresign.scenario_8.Scenario_8_4" name="Signers_validInput" time="15.765"/>
=======
<testsuite hostname="tussar-PC" failures="0" tests="6" name="net.assuresign.scenario_8.Scenario_8_4" time="77.077" errors="0" timestamp="2021-04-20T13:57:18 IST" skipped="0">
  <testcase classname="net.assuresign.scenario_8.Scenario_8_4" name="Signers_invalidEnvelopeID" time="5.117"/>
  <system-out/>
  <testcase classname="net.assuresign.scenario_8.Scenario_8_4" name="Signers_emptySignerAndEnvelopID" time="4.453"/>
  <system-out/>
  <testcase classname="net.assuresign.scenario_8.Scenario_8_4" name="Signers_invalidSignerID" time="16.354"/>
  <system-out/>
  <testcase classname="net.assuresign.scenario_8.Scenario_8_4" name="Signers_CompletedDoc" time="17.279"/>
  <system-out/>
  <testcase classname="net.assuresign.scenario_8.Scenario_8_4" name="Signers_validInput" time="16.281"/>
  <system-out/>
  <testcase classname="net.assuresign.scenario_8.Scenario_8_4" name="Signers_withoutRequestBody" time="17.593"/>
>>>>>>> master
  <system-out/>
</testsuite> <!-- net.assuresign.scenario_8.Scenario_8_4 -->
