<?xml version="1.0" encoding="UTF-8"?>
<!-- Generated by org.testng.reporters.JUnitReportReporter -->
<testsuite hostname="tussar-PC" failures="0" tests="11" name="net.assuresign.scenario_13.Scenario_13" time="237.161" errors="0" timestamp="2021-04-15T10:50:59 IST" skipped="0">
  <testcase classname="net.assuresign.scenario_13.Scenario_13" name="submitValidate_ssTemplate" time="6.913"/>
  <system-out/>
  <testcase classname="net.assuresign.scenario_13.Scenario_13" name="submitPrepare_documentsEmptyID" time="6.123"/>
  <system-out/>
  <testcase classname="net.assuresign.scenario_13.Scenario_13" name="submitPrepare_putCall1" time="11.359"/>
  <system-out/>
  <testcase classname="net.assuresign.scenario_13.Scenario_13" name="submitPrepare_documentsPwdToOpenFile" time="9.895"/>
  <system-out/>
  <testcase classname="net.assuresign.scenario_13.Scenario_13" name="submitValidate_hybridCall" time="7.832"/>
  <system-out/>
  <testcase classname="net.assuresign.scenario_13.Scenario_13" name="submitPrepare_withoutDocName" time="10.442"/>
  <system-out/>
  <testcase classname="net.assuresign.scenario_13.Scenario_13" name="submitPrepare_documentsPwdToEditFile" time="10.620"/>
  <system-out/>
  <testcase classname="net.assuresign.scenario_13.Scenario_13" name="submitPrepare_documentsInvalidID" time="5.718"/>
  <system-out/>
  <testcase classname="net.assuresign.scenario_13.Scenario_13" name="submitValidate_Adhoc" time="145.026"/>
  <system-out/>
  <testcase classname="net.assuresign.scenario_13.Scenario_13" name="submitValidate_adhoc400" time="11.360"/>
  <system-out/>
  <testcase classname="net.assuresign.scenario_13.Scenario_13" name="submitPrepare_documents" time="11.873"/>
  <system-out/>
</testsuite> <!-- net.assuresign.scenario_13.Scenario_13 -->
