<?xml version="1.0" encoding="UTF-8"?>
<!-- Generated by org.testng.reporters.JUnitReportReporter -->
<testsuite hostname="DESKTOP-17LNK85" failures="0" tests="10" name="net.assuresign.scenario_4.Scenario_4_15" time="133.816" errors="0" timestamp="2021-04-08T08:43:06 IST" skipped="0">
  <testcase classname="net.assuresign.scenario_4.Scenario_4_15" name="getPreparedEnvelopedID_FileToUploadNull" time="13.753"/>
  <system-out/>
  <testcase classname="net.assuresign.scenario_4.Scenario_4_15" name="submitPrepare_FileToUploadEmptyString" time="14.377"/>
  <system-out/>
  <testcase classname="net.assuresign.scenario_4.Scenario_4_15" name="getPreparedEnvelopedID_InvalidFileName" time="12.141"/>
  <system-out/>
  <testcase classname="net.assuresign.scenario_4.Scenario_4_15" name="submitPrepare_FileToUploadNull" time="16.013"/>
  <system-out/>
  <testcase classname="net.assuresign.scenario_4.Scenario_4_15" name="getPreparedEnvelopedID_InvalidFileValue" time="12.578"/>
  <system-out/>
  <testcase classname="net.assuresign.scenario_4.Scenario_4_15" name="getPreparedEnvelopedID_FileToUploadEmptyString" time="14.892"/>
  <system-out/>
  <testcase classname="net.assuresign.scenario_4.Scenario_4_15" name="submitPrepare_DocMoreThen128Char" time="11.744"/>
  <system-out/>
  <testcase classname="net.assuresign.scenario_4.Scenario_4_15" name="getPreparedEnvelopedID_DocMoreThen128Char" time="9.768"/>
  <system-out/>
  <testcase classname="net.assuresign.scenario_4.Scenario_4_15" name="getPreparedEnvelopedID_WithoutBase64File" time="14.132"/>
  <system-out/>
  <testcase classname="net.assuresign.scenario_4.Scenario_4_15" name="submitPrepare_WithoutBase64File" time="14.418"/>
  <system-out/>
</testsuite> <!-- net.assuresign.scenario_4.Scenario_4_15 -->
