<?xml version="1.0" encoding="UTF-8"?>
<!-- Generated by org.testng.reporters.JUnitReportReporter -->
<testsuite hostname="tussar-PC" failures="0" tests="2" name="net.assuresign.scenario_3.Scenario_3_2" time="27.639" errors="0" timestamp="2021-04-14T10:51:58 IST" skipped="0">
  <testcase classname="net.assuresign.scenario_3.Scenario_3_2" name="submit_InvalidTemplateID" time="9.174"/>
  <system-out/>
  <testcase classname="net.assuresign.scenario_3.Scenario_3_2" name="submit_ValidTemplateID" time="18.465"/>
  <system-out/>
</testsuite> <!-- net.assuresign.scenario_3.Scenario_3_2 -->
