<?xml version="1.0" encoding="UTF-8"?>
<!-- Generated by org.testng.reporters.JUnitReportReporter -->
<testsuite hostname="tussar-PC" failures="0" tests="3" name="net.assuresign.scenario_11.Scenario_11" time="12.406" errors="0" timestamp="2021-04-20T13:57:18 IST" skipped="0">
  <testcase classname="net.assuresign.scenario_11.Scenario_11" name="environments_EmptyUsername" time="4.017"/>
  <system-out/>
  <testcase classname="net.assuresign.scenario_11.Scenario_11" name="environments_validUsername" time="4.305"/>
  <system-out/>
  <testcase classname="net.assuresign.scenario_11.Scenario_11" name="environments_InvalidUsername" time="4.084"/>
  <system-out/>
</testsuite> <!-- net.assuresign.scenario_11.Scenario_11 -->
