<?xml version="1.0" encoding="UTF-8"?>
<!-- Generated by org.testng.reporters.JUnitReportReporter -->
<testsuite hostname="DESKTOP-17LNK85" failures="0" tests="2" name="net.assuresign.scenario_4.Scenario_4_4" time="22.167" errors="0" timestamp="2021-04-08T08:43:06 IST" skipped="0">
  <testcase classname="net.assuresign.scenario_4.Scenario_4_4" name="submit_WithSignerPassword" time="11.958"/>
  <system-out/>
  <testcase classname="net.assuresign.scenario_4.Scenario_4_4" name="submitPrepare_WithSignerPassword" time="10.209"/>
  <system-out/>
</testsuite> <!-- net.assuresign.scenario_4.Scenario_4_4 -->
