<?xml version="1.0" encoding="UTF-8"?>
<!-- Generated by org.testng.reporters.JUnitReportReporter -->
<testsuite hostname="tussar-PC" failures="0" tests="3" name="net.assuresign.scenario_4.Scenario_4_14" time="47.744" errors="0" timestamp="2021-04-12T10:42:36 IST" skipped="0">
  <testcase classname="net.assuresign.scenario_4.Scenario_4_14" name="submitPrepare_WithTempleteSchema" time="6.822"/>
  <system-out/>
  <testcase classname="net.assuresign.scenario_4.Scenario_4_14" name="submitPrepare_WithInvalidTemplate" time="13.831"/>
  <system-out/>
  <testcase classname="net.assuresign.scenario_4.Scenario_4_14" name="submit_WithTempleteSchema" time="27.091"/>
  <system-out/>
</testsuite> <!-- net.assuresign.scenario_4.Scenario_4_14 -->
