<?xml version="1.0" encoding="UTF-8"?>
<!-- Generated by org.testng.reporters.JUnitReportReporter -->
<testsuite hostname="tussar-PC" failures="0" tests="1" name="net.assuresign.scenario_12.Scenario_12" time="73.520" errors="0" timestamp="2021-04-14T11:58:49 IST" skipped="0">
  <testcase classname="net.assuresign.scenario_12.Scenario_12" name="collectionRun_submit" time="73.520"/>
  <system-out/>
</testsuite> <!-- net.assuresign.scenario_12.Scenario_12 -->
