<?xml version="1.0" encoding="UTF-8"?>
<!-- Generated by org.testng.reporters.JUnitReportReporter -->
<testsuite hostname="tussar-PC" failures="0" tests="4" name="net.assuresign.scenario_3.Scenario_3_9" time="154.635" errors="0" timestamp="2021-05-10T14:10:59 IST" skipped="0">
  <testcase classname="net.assuresign.scenario_3.Scenario_3_9" name="submit_DocMoreThen128Char" time="42.075"/>
  <system-out/>
  <testcase classname="net.assuresign.scenario_3.Scenario_3_9" name="submit_DocMoreThen128Char" time="19.938"/>
  <system-out/>
  <testcase classname="net.assuresign.scenario_3.Scenario_3_9" name="submit_DocMoreThen128Char" time="48.933"/>
  <system-out/>
  <testcase classname="net.assuresign.scenario_3.Scenario_3_9" name="submit_DocMoreThen128Char" time="43.689"/>
  <system-out/>
</testsuite> <!-- net.assuresign.scenario_3.Scenario_3_9 -->
