<?xml version="1.0" encoding="UTF-8"?>
<!-- Generated by org.testng.reporters.JUnitReportReporter -->
<testsuite hostname="tussar-PC" failures="0" tests="2" name="net.assuresign.scenario_3.Scenario_3_13" time="21.994" errors="0" timestamp="2021-04-08T16:20:46 IST" skipped="0">
  <testcase classname="net.assuresign.scenario_3.Scenario_3_13" name="submitPlaceholderTemplate_twoDoc" time="12.937"/>
  <system-out/>
  <testcase classname="net.assuresign.scenario_3.Scenario_3_13" name="submitPlaceholderTemplate_oneDoc" time="9.057"/>
  <system-out/>
</testsuite> <!-- net.assuresign.scenario_3.Scenario_3_13 -->
