<?xml version="1.0" encoding="UTF-8"?>
<!-- Generated by org.testng.reporters.JUnitReportReporter -->
<testsuite hostname="tussar-PC" failures="0" tests="2" name="net.assuresign.scenario_4.Scenario_4_11" time="17.830" errors="0" timestamp="2021-05-27T15:20:25 IST" skipped="0">
  <testcase classname="net.assuresign.scenario_4.Scenario_4_11" name="deprecatedUserSessionToken" time="7.106"/>
  <system-out/>
  <testcase classname="net.assuresign.scenario_4.Scenario_4_11" name="submitPrepare_deprecated" time="10.724"/>
  <system-out/>
</testsuite> <!-- net.assuresign.scenario_4.Scenario_4_11 -->
