<?xml version="1.0" encoding="UTF-8"?>
<!-- Generated by org.testng.reporters.JUnitReportReporter -->
<testsuite hostname="tussar-PC" failures="0" tests="2" name="net.assuresign.scenario_8.Scenario_8_3" time="17.259" errors="0" timestamp="2021-05-26T04:31:31 IST" skipped="0">
  <testcase classname="net.assuresign.scenario_8.Scenario_8_3" name="getEnvelopes_ClosedWithValidFormData" time="4.463"/>
  <system-out/>
  <testcase classname="net.assuresign.scenario_8.Scenario_8_3" name="Signers_NotCompletedEnvelop" time="12.796"/>
  <system-out/>
</testsuite> <!-- net.assuresign.scenario_8.Scenario_8_3 -->
