<?xml version="1.0" encoding="UTF-8"?>
<!-- Generated by org.testng.reporters.JUnitReportReporter -->
<testsuite hostname="tussar-PC" failures="0" tests="2" name="net.assuresign.scenario_4.Scenario_4_11" time="31.536" errors="0" timestamp="2021-04-15T10:50:59 IST" skipped="0">
  <testcase classname="net.assuresign.scenario_4.Scenario_4_11" name="submitPrepare_deprecated" time="10.895"/>
  <system-out/>
  <testcase classname="net.assuresign.scenario_4.Scenario_4_11" name="submit_deprecated" time="20.641"/>
  <system-out/>
</testsuite> <!-- net.assuresign.scenario_4.Scenario_4_11 -->
