<?xml version="1.0" encoding="UTF-8"?>
<!-- Generated by org.testng.reporters.JUnitReportReporter -->
<testsuite hostname="tussar-PC" failures="0" tests="10" name="net.assuresign.scenario_3.Scenario_3_5" time="243.799" errors="0" timestamp="2021-05-25T12:29:16 IST" skipped="0">
  <testcase classname="net.assuresign.scenario_3.Scenario_3_5" name="submitValidate_jotBlockParsingParseDocFalse" time="6.543"/>
  <system-out/>
  <testcase classname="net.assuresign.scenario_3.Scenario_3_5" name="submitValidate_jotBlockParsingWithPageCount" time="8.821"/>
  <system-out/>
  <testcase classname="net.assuresign.scenario_3.Scenario_3_5" name="submitValidate_jotBlockParsingDocTrueDuplicateJotBlock" time="48.477"/>
  <system-out/>
  <testcase classname="net.assuresign.scenario_3.Scenario_3_5" name="submitValidate_jotBlockParsingNegativePageCount" time="27.591"/>
  <system-out/>
  <testcase classname="net.assuresign.scenario_3.Scenario_3_5" name="submit_jotBlockParsingWithPageCount" time="10.856"/>
  <system-out/>
  <testcase classname="net.assuresign.scenario_3.Scenario_3_5" name="submit_jotBlockParsingParseDocFalse" time="6.095"/>
  <system-out/>
  <testcase classname="net.assuresign.scenario_3.Scenario_3_5" name="submitValidate_jotBlockParsingParseDocTrue" time="26.384"/>
  <system-out/>
  <testcase classname="net.assuresign.scenario_3.Scenario_3_5" name="submit_jotBlockParsingDocTrueDuplicateJotBlock" time="82.574"/>
  <system-out/>
  <testcase classname="net.assuresign.scenario_3.Scenario_3_5" name="submit_jotBlockParsingParseDocTrue" time="18.773"/>
  <system-out/>
  <testcase classname="net.assuresign.scenario_3.Scenario_3_5" name="submit_jotBlockParsingNegativePageCount" time="7.685"/>
  <system-out/>
</testsuite> <!-- net.assuresign.scenario_3.Scenario_3_5 -->
