<?xml version="1.0" encoding="UTF-8"?>
<!-- Generated by org.testng.reporters.JUnitReportReporter -->
<testsuite hostname="tussar-PC" failures="0" tests="2" name="net.assuresign.scenario_4.Scenario_4_11" time="52.584" errors="0" timestamp="2021-04-14T11:42:04 IST" skipped="1">
  <testcase classname="net.assuresign.scenario_4.Scenario_4_11" name="submit_deprecated" time="52.584"/>
  <system-out/>
  <testcase classname="net.assuresign.scenario_4.Scenario_4_11" name="submitPrepare_deprecated">
    <skipped/>
  </testcase> <!-- submitPrepare_deprecated -->
  <system-out/>
</testsuite> <!-- net.assuresign.scenario_4.Scenario_4_11 -->
