<?xml version="1.0" encoding="UTF-8"?>
<!-- Generated by org.testng.reporters.JUnitReportReporter -->
<testsuite hostname="DESKTOP-17LNK85" failures="0" tests="3" name="net.assuresign.scenario_4.Scenario_4_1" time="39.178" errors="0" timestamp="2021-04-08T08:43:06 IST" skipped="1">
  <testcase classname="net.assuresign.scenario_4.Scenario_4_1" name="submitPrepare" time="25.890"/>
  <system-out/>
  <testcase classname="net.assuresign.scenario_4.Scenario_4_1" name="submitPrepare_SpecifiedSchema" time="13.288"/>
  <system-out/>
  <testcase classname="net.assuresign.scenario_4.Scenario_4_1" name="submit_withNoTempletPermission">
    <skipped/>
  </testcase> <!-- submit_withNoTempletPermission -->
  <system-out/>
</testsuite> <!-- net.assuresign.scenario_4.Scenario_4_1 -->
