<?xml version="1.0" encoding="UTF-8"?>
<!-- Generated by org.testng.reporters.JUnitReportReporter -->
<testsuite hostname="tussar-PC" failures="0" tests="1" name="net.assuresign.scenario_3.Scenario_3_18" time="13.370" errors="0" timestamp="2021-04-14T16:09:31 IST" skipped="0">
  <testcase classname="net.assuresign.scenario_3.Scenario_3_18" name="submit_WrongConditionalLogic" time="13.370"/>
  <system-out/>
</testsuite> <!-- net.assuresign.scenario_3.Scenario_3_18 -->
