<?xml version="1.0" encoding="UTF-8"?>
<!-- Generated by org.testng.reporters.JUnitReportReporter -->
<testsuite hostname="tussar-PC" failures="0" tests="2" name="net.assuresign.scenario_8.Scenario_8_2" time="24.339" errors="0" timestamp="2021-05-25T11:59:20 IST" skipped="0">
  <testcase classname="net.assuresign.scenario_8.Scenario_8_2" name="cancel_AlreadyCancelledEnvelopID" time="18.618"/>
  <system-out/>
  <testcase classname="net.assuresign.scenario_8.Scenario_8_2" name="cancel_ValidEnvelopID" time="5.721"/>
  <system-out/>
</testsuite> <!-- net.assuresign.scenario_8.Scenario_8_2 -->
