<?xml version="1.0" encoding="UTF-8"?>
<!-- Generated by org.testng.reporters.JUnitReportReporter -->
<testsuite hostname="tussar-PC" failures="0" tests="3" name="net.assuresign.scenario_3.Scenario_3_10" time="25.769" errors="0" timestamp="2021-05-27T14:29:16 IST" skipped="0">
  <testcase classname="net.assuresign.scenario_3.Scenario_3_10" name="submitSSTemplate_EmptyDocName" time="11.073"/>
  <system-out/>
  <testcase classname="net.assuresign.scenario_3.Scenario_3_10" name="submit_withGetTemplateSchema_missingDocName" time="7.753"/>
  <system-out/>
  <testcase classname="net.assuresign.scenario_3.Scenario_3_10" name="submit_HybridCallMissingDocName" time="6.943"/>
  <system-out/>
</testsuite> <!-- net.assuresign.scenario_3.Scenario_3_10 -->
