<?xml version="1.0" encoding="UTF-8"?>
<!-- Generated by org.testng.reporters.JUnitReportReporter -->
<testsuite hostname="tussar-PC" failures="0" tests="2" name="net.assuresign.scenario_3.Scenario_3_13" time="32.365" errors="0" timestamp="2021-05-27T14:54:26 IST" skipped="0">
  <testcase classname="net.assuresign.scenario_3.Scenario_3_13" name="submitPlaceholderTemplate_oneDoc" time="21.358"/>
  <system-out/>
  <testcase classname="net.assuresign.scenario_3.Scenario_3_13" name="submitPlaceholderTemplate_twoDoc" time="11.007"/>
  <system-out/>
</testsuite> <!-- net.assuresign.scenario_3.Scenario_3_13 -->
