<?xml version="1.0" encoding="UTF-8"?>
<!-- Generated by org.testng.reporters.JUnitReportReporter -->
<testsuite hostname="tussar-PC" failures="0" tests="6" name="net.assuresign.scenario_8.Scenario_8_4" time="69.176" errors="0" timestamp="2021-04-14T16:09:31 IST" skipped="0">
  <testcase classname="net.assuresign.scenario_8.Scenario_8_4" name="Signers_invalidEnvelopeID" time="4.453"/>
  <system-out/>
  <testcase classname="net.assuresign.scenario_8.Scenario_8_4" name="Signers_emptySignerAndEnvelopID" time="3.490"/>
  <system-out/>
  <testcase classname="net.assuresign.scenario_8.Scenario_8_4" name="Signers_CompletedDoc" time="17.583"/>
  <system-out/>
  <testcase classname="net.assuresign.scenario_8.Scenario_8_4" name="Signers_invalidSignerID" time="14.479"/>
  <system-out/>
  <testcase classname="net.assuresign.scenario_8.Scenario_8_4" name="Signers_withoutRequestBody" time="14.997"/>
  <system-out/>
  <testcase classname="net.assuresign.scenario_8.Scenario_8_4" name="Signers_validInput" time="14.174"/>
  <system-out/>
</testsuite> <!-- net.assuresign.scenario_8.Scenario_8_4 -->
