<?xml version="1.0" encoding="UTF-8"?>
<!-- Generated by org.testng.reporters.JUnitReportReporter -->
<testsuite hostname="tussar-PC" failures="0" tests="2" name="net.assuresign.scenario_9.Scenario_9" time="9.294" errors="0" timestamp="2021-04-20T13:57:18 IST" skipped="0">
  <testcase classname="net.assuresign.scenario_9.Scenario_9" name="getSSOToken" time="4.816"/>
  <system-out/>
  <testcase classname="net.assuresign.scenario_9.Scenario_9" name="getSSOToken_XASUserContext" time="4.478"/>
  <system-out/>
</testsuite> <!-- net.assuresign.scenario_9.Scenario_9 -->
