<?xml version="1.0" encoding="UTF-8"?>
<!-- Generated by org.testng.reporters.JUnitReportReporter -->
<testsuite hostname="tussar-PC" failures="0" tests="2" name="net.assuresign.scenario_3.Scenario_3_8" time="107.719" errors="0" timestamp="2021-04-14T10:05:33 IST" skipped="1">
  <testcase classname="net.assuresign.scenario_3.Scenario_3_8" name="submitHybridCallDeprecated" time="107.719"/>
  <system-out/>
  <testcase classname="net.assuresign.scenario_3.Scenario_3_8" name="sessionTokenDeprecated_44009">
    <skipped/>
  </testcase> <!-- sessionTokenDeprecated_44009 -->
  <system-out/>
</testsuite> <!-- net.assuresign.scenario_3.Scenario_3_8 -->
